#-----------------------------------------------------------
# Vivado v2017.4 (64-bit)
# SW Build 2086221 on Fri Dec 15 20:55:39 MST 2017
# IP Build 2085800 on Fri Dec 15 22:25:07 MST 2017
# Start of session at: Sun Feb 25 16:47:20 2018
# Process ID: 2232
# Current directory: E:/166 Lab/2_2/Lab2_2
# Command line: vivado.exe -gui_launcher_event rodinguilauncherevent14500 E:\166 Lab\2_2\Lab2_2\Lab2_2.xpr
# Log file: E:/166 Lab/2_2/Lab2_2/vivado.log
# Journal file: E:/166 Lab/2_2/Lab2_2\vivado.jou
#-----------------------------------------------------------
start_gui
open_project {E:/166 Lab/2_2/Lab2_2/Lab2_2.xpr}
Scanning sources...
Finished scanning sources
INFO: [Project 1-230] Project 'Lab2_2.xpr' upgraded for this version of Vivado.
INFO: [IP_Flow 19-234] Refreshing IP repositories
INFO: [IP_Flow 19-1704] No user IP repositories specified
INFO: [IP_Flow 19-2313] Loaded Vivado IP repository 'C:/Xilinx/Vivado/2017.4/data/ip'.
open_project: Time (s): cpu = 00:00:09 ; elapsed = 00:00:06 . Memory (MB): peak = 756.637 ; gain = 49.332
update_compile_order -fileset sources_1
launch_simulation
INFO: [Vivado 12-5682] Launching behavioral simulation in 'E:/166 Lab/2_2/Lab2_2/Lab2_2.sim/sim_1/behav/xsim'
INFO: [SIM-utils-51] Simulation object is 'sim_1'
INFO: [SIM-utils-54] Inspecting design source files for 'multiplier_tb' in fileset 'sim_1'...
INFO: [USF-XSim-97] Finding global include files...
INFO: [USF-XSim-98] Fetching design files from 'sim_1'...
INFO: [USF-XSim-2] XSim::Compile design
INFO: [USF-XSim-61] Executing 'COMPILE and ANALYZE' step in 'E:/166 Lab/2_2/Lab2_2/Lab2_2.sim/sim_1/behav/xsim'
"xvlog --incr --relax -prj multiplier_tb_vlog.prj"
INFO: [VRFC 10-2263] Analyzing Verilog file "E:/166 Lab/2_2/MUX2_1.v" into library xil_defaultlib
INFO: [VRFC 10-311] analyzing module MUX2_1
INFO: [VRFC 10-2263] Analyzing Verilog file "E:/166 Lab/2_2/adder.v" into library xil_defaultlib
INFO: [VRFC 10-311] analyzing module adder
INFO: [VRFC 10-2263] Analyzing Verilog file "E:/166 Lab/2_2/dffa.v" into library xil_defaultlib
INFO: [VRFC 10-311] analyzing module dffa
INFO: [VRFC 10-2263] Analyzing Verilog file "E:/166 Lab/2_2/dffb.v" into library xil_defaultlib
INFO: [VRFC 10-311] analyzing module dffb
INFO: [VRFC 10-2263] Analyzing Verilog file "E:/166 Lab/2_2/multiplier.v" into library xil_defaultlib
INFO: [VRFC 10-311] analyzing module multiplier
INFO: [VRFC 10-2263] Analyzing Verilog file "E:/166 Lab/2_2/ph.v" into library xil_defaultlib
INFO: [VRFC 10-311] analyzing module ph
INFO: [VRFC 10-2263] Analyzing Verilog file "E:/166 Lab/2_2/pl.v" into library xil_defaultlib
INFO: [VRFC 10-311] analyzing module pl
INFO: [VRFC 10-2263] Analyzing Verilog file "E:/166 Lab/2_2/Lab2_2/Lab2_2.srcs/sim_1/new/multiplier_tb.v" into library xil_defaultlib
INFO: [VRFC 10-311] analyzing module multiplier_tb
INFO: [VRFC 10-2263] Analyzing Verilog file "E:/166 Lab/2_2/Lab2_2/Lab2_2.sim/sim_1/behav/xsim/glbl.v" into library xil_defaultlib
INFO: [VRFC 10-311] analyzing module glbl
INFO: [USF-XSim-69] 'compile' step finished in '2' seconds
INFO: [USF-XSim-3] XSim::Elaborate design
INFO: [USF-XSim-61] Executing 'ELABORATE' step in 'E:/166 Lab/2_2/Lab2_2/Lab2_2.sim/sim_1/behav/xsim'
Vivado Simulator 2017.4
Copyright 1986-1999, 2001-2016 Xilinx, Inc. All Rights Reserved.
Running: C:/Xilinx/Vivado/2017.4/bin/unwrapped/win64.o/xelab.exe -wto 41d621a2a11a44cab3370cfff6b0870d --incr --debug typical --relax --mt 2 -L xil_defaultlib -L unisims_ver -L unimacro_ver -L secureip --snapshot multiplier_tb_behav xil_defaultlib.multiplier_tb xil_defaultlib.glbl -log elaborate.log 
Using 2 slave threads.
Starting static elaboration
WARNING: [VRFC 10-278] actual bit length 32 differs from formal bit length 1 for port load [E:/166 Lab/2_2/multiplier.v:18]
Completed static elaboration
Starting simulation data flow analysis
WARNING: [XSIM 43-4099] "E:/166 Lab/2_2/multiplier.v" Line 1. Module multiplier doesn't have a timescale but at least one module in design has a timescale.
WARNING: [XSIM 43-4099] "E:/166 Lab/2_2/ph.v" Line 1. Module ph doesn't have a timescale but at least one module in design has a timescale.
WARNING: [XSIM 43-4099] "E:/166 Lab/2_2/pl.v" Line 1. Module pl doesn't have a timescale but at least one module in design has a timescale.
WARNING: [XSIM 43-4099] "E:/166 Lab/2_2/dffa.v" Line 1. Module dffa doesn't have a timescale but at least one module in design has a timescale.
WARNING: [XSIM 43-4099] "E:/166 Lab/2_2/dffb.v" Line 1. Module dffb doesn't have a timescale but at least one module in design has a timescale.
WARNING: [XSIM 43-4099] "E:/166 Lab/2_2/MUX2_1.v" Line 1. Module MUX2_1 doesn't have a timescale but at least one module in design has a timescale.
WARNING: [XSIM 43-4099] "E:/166 Lab/2_2/adder.v" Line 1. Module adder doesn't have a timescale but at least one module in design has a timescale.
Completed simulation data flow analysis
Time Resolution for simulation is 1ps
Compiling module xil_defaultlib.ph
Compiling module xil_defaultlib.pl
Compiling module xil_defaultlib.dffa
Compiling module xil_defaultlib.dffb
Compiling module xil_defaultlib.MUX2_1
Compiling module xil_defaultlib.adder
Compiling module xil_defaultlib.multiplier
Compiling module xil_defaultlib.multiplier_tb
Compiling module xil_defaultlib.glbl
Built simulation snapshot multiplier_tb_behav

****** Webtalk v2017.4 (64-bit)
  **** SW Build 2086221 on Fri Dec 15 20:55:39 MST 2017
  **** IP Build 2085800 on Fri Dec 15 22:25:07 MST 2017
    ** Copyright 1986-2017 Xilinx, Inc. All Rights Reserved.

source E:/166 -notrace
invalid command name "%"
    while executing
"% Total    % Received % Xferd  Average Speed   Time    Time     Time  Current"
    (file "E:/166" line 1)
INFO: [Common 17-206] Exiting Webtalk at Sun Feb 25 16:54:49 2018...
run_program: Time (s): cpu = 00:00:00 ; elapsed = 00:00:06 . Memory (MB): peak = 761.703 ; gain = 0.000
INFO: [USF-XSim-69] 'elaborate' step finished in '6' seconds
INFO: [USF-XSim-4] XSim::Simulate design
INFO: [USF-XSim-61] Executing 'SIMULATE' step in 'E:/166 Lab/2_2/Lab2_2/Lab2_2.sim/sim_1/behav/xsim'
INFO: [USF-XSim-98] *** Running xsim
   with args "multiplier_tb_behav -key {Behavioral:sim_1:Functional:multiplier_tb} -tclbatch {multiplier_tb.tcl} -log {simulate.log}"
INFO: [USF-XSim-8] Loading simulator feature
Vivado Simulator 2017.4
