#-----------------------------------------------------------
# Vivado v2017.2 (64-bit)
# SW Build 1909853 on Thu Jun 15 18:39:09 MDT 2017
# IP Build 1909766 on Thu Jun 15 19:58:00 MDT 2017
# Start of session at: Wed Feb 21 11:59:50 2018
# Process ID: 9620
# Current directory: E:/166 Lab/2_2/Lab2_2
# Command line: vivado.exe -gui_launcher_event rodinguilauncherevent8020 E:\166 Lab\2_2\Lab2_2\Lab2_2.xpr
# Log file: E:/166 Lab/2_2/Lab2_2/vivado.log
# Journal file: E:/166 Lab/2_2/Lab2_2\vivado.jou
#-----------------------------------------------------------
start_gui
open_project {E:/166 Lab/2_2/Lab2_2/Lab2_2.xpr}
CRITICAL WARNING: [Project 1-19] Could not find the file 'C:/Users/robertsa/Downloads/dffb.v'.
Scanning sources...
Finished scanning sources
INFO: [IP_Flow 19-234] Refreshing IP repositories
INFO: [IP_Flow 19-1704] No user IP repositories specified
INFO: [IP_Flow 19-2313] Loaded Vivado IP repository 'C:/Xilinx/Vivado/2017.2/data/ip'.
update_compile_order -fileset sources_1
add_files -norecurse {{E:/166 Lab/2_2/dffb.v}}
WARNING: [filemgmt 56-12] File 'E:/166 Lab/2_2/dffb.v' cannot be added to the project because it already exists in the project, skipping this file
update_files -from_files {{E:/166 Lab/2_2/dffb.v}} -to_files C:/Users/robertsa/Downloads/dffb.v -filesets [get_filesets *]
INFO: [filemgmt 20-762] Replacing file 'C:/Users/robertsa/Downloads/dffb.v' with file 'E:/166 Lab/2_2/dffb.v'.
update_compile_order -fileset sources_1
file mkdir E:/166 Lab/2_2/Lab2_2/Lab2_2.srcs/sources_1/new
can't create directory "E:/166": file already exists
file mkdir E:/166 Lab/2_2/Lab2_2/Lab2_2.srcs/sources_1/new
can't create directory "E:/166": file already exists
file mkdir E:/166 Lab/2_2/Lab2_2/Lab2_2.srcs/sources_1/new
can't create directory "E:/166": file already exists
file mkdir E:/166 Lab/2_2/Lab2_2/Lab2_2.srcs/sources_1/new
can't create directory "E:/166": file already exists
file mkdir E:/166 Lab/2_2/Lab2_2/Lab2_2.srcs/sources_1/new
can't create directory "E:/166": file already exists
file mkdir E:/166 Lab/2_2/Lab2_2/Lab2_2.srcs/sources_1/new
can't create directory "E:/166": file already exists
file mkdir {E:/166 Lab/2_2/Lab2_2/Lab2_2.srcs/sources_1/new}
close [ open {E:/166 Lab/2_2/Lab2_2/Lab2_2.srcs/sources_1/new/multiplier_tb.v} w ]
add_files {{E:/166 Lab/2_2/Lab2_2/Lab2_2.srcs/sources_1/new/multiplier_tb.v}}
update_compile_order -fileset sources_1
remove_files  {{E:/166 Lab/2_2/Lab2_2/Lab2_2.srcs/sources_1/new/multiplier_tb.v}}
file mkdir E:/166 Lab/2_2/Lab2_2/Lab2_2.srcs/sim_1/new
can't create directory "E:/166": file already exists
file mkdir E:/166 Lab/2_2/Lab2_2/Lab2_2.srcs/sim_1/new
can't create directory "E:/166": file already exists
file mkdir E:/166 Lab/2_2/Lab2_2/Lab2_2.srcs/sim_1/new
can't create directory "E:/166": file already exists
file mkdir E:/166 Lab/2_2/Lab2_2/Lab2_2.srcs/sim_1/new
can't create directory "E:/166": file already exists
file mkdir E:/166 Lab/2_2/Lab2_2/Lab2_2.srcs/sim_1/new
can't create directory "E:/166": file already exists
set_property SOURCE_SET sources_1 [get_filesets sim_1]
file mkdir E:/166 Lab/2_2/Lab2_2/Lab2_2.srcs/sim_1/new
can't create directory "E:/166": file already exists
file mkdir {E:/166 Lab/2_2/Lab2_2/Lab2_2.srcs/sim_1/new}
close [ open {E:/166 Lab/2_2/Lab2_2/Lab2_2.srcs/sim_1/new/multiplier_tb.v} w ]
add_files -fileset sim_1 {{E:/166 Lab/2_2/Lab2_2/Lab2_2.srcs/sim_1/new/multiplier_tb.v}}
update_compile_order -fileset sim_1
set_property is_enabled false [get_files  {{E:/166 Lab/2_2/adder_tb.v}}]
update_compile_order -fileset sim_1
reset_run synth_1
launch_runs synth_1 -jobs 2
[Wed Feb 21 12:34:26 2018] Launched synth_1...
Run output will be captured here: E:/166 Lab/2_2/Lab2_2/Lab2_2.runs/synth_1/runme.log
reset_run synth_1
launch_runs synth_1 -jobs 2
[Wed Feb 21 12:42:37 2018] Launched synth_1...
Run output will be captured here: E:/166 Lab/2_2/Lab2_2/Lab2_2.runs/synth_1/runme.log
launch_simulation
INFO: [SIM-utils-51] Simulation object is 'sim_1'
INFO: [SIM-utils-54] Inspecting design source files for 'multiplier_tb' in fileset 'sim_1'...
INFO: [USF-XSim-97] Finding global include files...
INFO: [USF-XSim-98] Fetching design files from 'sim_1'...
INFO: [USF-XSim-2] XSim::Compile design
INFO: [USF-XSim-61] Executing 'COMPILE and ANALYZE' step in 'E:/166 Lab/2_2/Lab2_2/Lab2_2.sim/sim_1/behav'
"xvlog -m64 --relax -prj multiplier_tb_vlog.prj"
INFO: [VRFC 10-2263] Analyzing Verilog file "E:/166 Lab/2_2/MUX2_1.v" into library xil_defaultlib
INFO: [VRFC 10-311] analyzing module MUX2_1
INFO: [VRFC 10-2263] Analyzing Verilog file "E:/166 Lab/2_2/adder.v" into library xil_defaultlib
INFO: [VRFC 10-311] analyzing module adder
INFO: [VRFC 10-2263] Analyzing Verilog file "E:/166 Lab/2_2/dffa.v" into library xil_defaultlib
INFO: [VRFC 10-311] analyzing module dffa
INFO: [VRFC 10-2263] Analyzing Verilog file "E:/166 Lab/2_2/dffb.v" into library xil_defaultlib
INFO: [VRFC 10-311] analyzing module dffb
INFO: [VRFC 10-2263] Analyzing Verilog file "E:/166 Lab/2_2/multiplier.v" into library xil_defaultlib
INFO: [VRFC 10-311] analyzing module multiplier
INFO: [VRFC 10-2263] Analyzing Verilog file "E:/166 Lab/2_2/ph.v" into library xil_defaultlib
INFO: [VRFC 10-311] analyzing module ph
INFO: [VRFC 10-2263] Analyzing Verilog file "E:/166 Lab/2_2/pl.v" into library xil_defaultlib
INFO: [VRFC 10-311] analyzing module pl
INFO: [VRFC 10-2263] Analyzing Verilog file "E:/166 Lab/2_2/Lab2_2/Lab2_2.srcs/sim_1/new/multiplier_tb.v" into library xil_defaultlib
INFO: [VRFC 10-311] analyzing module multiplier_tb
INFO: [VRFC 10-2263] Analyzing Verilog file "E:/166 Lab/2_2/Lab2_2/Lab2_2.sim/sim_1/behav/glbl.v" into library xil_defaultlib
INFO: [VRFC 10-311] analyzing module glbl
INFO: [USF-XSim-69] 'compile' step finished in '2' seconds
INFO: [USF-XSim-3] XSim::Elaborate design
INFO: [USF-XSim-61] Executing 'ELABORATE' step in 'E:/166 Lab/2_2/Lab2_2/Lab2_2.sim/sim_1/behav'
Vivado Simulator 2017.2
Copyright 1986-1999, 2001-2016 Xilinx, Inc. All Rights Reserved.
Running: C:/Xilinx/Vivado/2017.2/bin/unwrapped/win64.o/xelab.exe -wto 41d621a2a11a44cab3370cfff6b0870d --debug typical --relax --mt 2 -L xil_defaultlib -L unisims_ver -L unimacro_ver -L secureip --snapshot multiplier_tb_behav xil_defaultlib.multiplier_tb xil_defaultlib.glbl -log elaborate.log 
Using 2 slave threads.
Starting static elaboration
WARNING: [VRFC 10-278] actual bit length 1 differs from formal bit length 8 for port out [E:/166 Lab/2_2/Lab2_2/Lab2_2.srcs/sim_1/new/multiplier_tb.v:8]
WARNING: [VRFC 10-278] actual bit length 32 differs from formal bit length 1 for port load [E:/166 Lab/2_2/multiplier.v:12]
Completed static elaboration
Starting simulation data flow analysis
WARNING: [XSIM 43-4099] "E:/166 Lab/2_2/multiplier.v" Line 1. Module multiplier doesn't have a timescale but at least one module in design has a timescale.
WARNING: [XSIM 43-4099] "E:/166 Lab/2_2/ph.v" Line 1. Module ph doesn't have a timescale but at least one module in design has a timescale.
WARNING: [XSIM 43-4099] "E:/166 Lab/2_2/pl.v" Line 1. Module pl doesn't have a timescale but at least one module in design has a timescale.
WARNING: [XSIM 43-4099] "E:/166 Lab/2_2/dffa.v" Line 1. Module dffa doesn't have a timescale but at least one module in design has a timescale.
WARNING: [XSIM 43-4099] "E:/166 Lab/2_2/dffb.v" Line 1. Module dffb doesn't have a timescale but at least one module in design has a timescale.
WARNING: [XSIM 43-4099] "E:/166 Lab/2_2/MUX2_1.v" Line 1. Module MUX2_1 doesn't have a timescale but at least one module in design has a timescale.
WARNING: [XSIM 43-4099] "E:/166 Lab/2_2/adder.v" Line 1. Module adder doesn't have a timescale but at least one module in design has a timescale.
Completed simulation data flow analysis
Time Resolution for simulation is 1ps
Compiling module xil_defaultlib.ph
Compiling module xil_defaultlib.pl
Compiling module xil_defaultlib.dffa
Compiling module xil_defaultlib.dffb
Compiling module xil_defaultlib.MUX2_1
Compiling module xil_defaultlib.adder
Compiling module xil_defaultlib.multiplier
Compiling module xil_defaultlib.multiplier_tb
Compiling module xil_defaultlib.glbl
Built simulation snapshot multiplier_tb_behav

****** Webtalk v2017.2 (64-bit)
  **** SW Build 1909853 on Thu Jun 15 18:39:09 MDT 2017
  **** IP Build 1909766 on Thu Jun 15 19:58:00 MDT 2017
    ** Copyright 1986-2017 Xilinx, Inc. All Rights Reserved.

source E:/166 -notrace
invalid command name "%"
    while executing
"% Total    % Received % Xferd  Average Speed   Time    Time     Time  Current"
    (file "E:/166" line 1)
INFO: [Common 17-206] Exiting Webtalk at Wed Feb 21 12:43:33 2018...
run_program: Time (s): cpu = 00:00:00 ; elapsed = 00:00:11 . Memory (MB): peak = 816.961 ; gain = 0.000
INFO: [USF-XSim-69] 'elaborate' step finished in '10' seconds
INFO: [USF-XSim-4] XSim::Simulate design
INFO: [USF-XSim-61] Executing 'SIMULATE' step in 'E:/166 Lab/2_2/Lab2_2/Lab2_2.sim/sim_1/behav'
INFO: [USF-XSim-98] *** Running xsim
   with args "multiplier_tb_behav -key {Behavioral:sim_1:Functional:multiplier_tb} -tclbatch {multiplier_tb.tcl} -log {simulate.log}"
INFO: [USF-XSim-8] Loading simulator feature
Vivado Simulator 2017.2
Time resolution is 1 ps
source multiplier_tb.tcl
# set curr_wave [current_wave_config]
# if { [string length $curr_wave] == 0 } {
#   if { [llength [get_objects]] > 0} {
#     add_wave /
#     set_property needs_save false [current_wave_config]
#   } else {
#      send_msg_id Add_Wave-1 WARNING "No top level signals found. Simulator will start without a wave window. If you want to open a wave window go to 'File->New Waveform Configuration' or type 'create_wave_config' in the TCL console."
#   }
# }
# run 1000ns
INFO: [USF-XSim-96] XSim completed. Design snapshot 'multiplier_tb_behav' loaded.
INFO: [USF-XSim-97] XSim simulation ran for 1000ns
launch_simulation: Time (s): cpu = 00:00:04 ; elapsed = 00:00:20 . Memory (MB): peak = 834.020 ; gain = 17.059
set_property is_enabled false [get_files  {{E:/166 Lab/2_2/Lab2_2/Lab2_2.srcs/sim_1/new/multiplier_tb.v}}]
set_property is_enabled true [get_files  {{E:/166 Lab/2_2/dffa_tb.v}}]
update_compile_order -fileset sim_1
launch_simulation
WARNING: [Vivado 12-3661] Failed to remove file:E:/166 Lab/2_2/Lab2_2/Lab2_2.sim/sim_1/behav/xelab.pb
WARNING: [Vivado 12-3661] Failed to remove file:E:/166 Lab/2_2/Lab2_2/Lab2_2.sim/sim_1/behav/simulate.log
WARNING: [Vivado 12-3661] Failed to remove file:E:/166 Lab/2_2/Lab2_2/Lab2_2.sim/sim_1/behav/multiplier_tb_behav.wdb
INFO: [SIM-utils-51] Simulation object is 'sim_1'
INFO: [SIM-utils-54] Inspecting design source files for 'multiplier' in fileset 'sim_1'...
INFO: [USF-XSim-97] Finding global include files...
INFO: [USF-XSim-98] Fetching design files from 'sim_1'...
INFO: [USF-XSim-2] XSim::Compile design
INFO: [USF-XSim-61] Executing 'COMPILE and ANALYZE' step in 'E:/166 Lab/2_2/Lab2_2/Lab2_2.sim/sim_1/behav'
"xvlog -m64 --relax -prj multiplier_vlog.prj"
INFO: [VRFC 10-2263] Analyzing Verilog file "E:/166 Lab/2_2/MUX2_1.v" into library xil_defaultlib
INFO: [VRFC 10-311] analyzing module MUX2_1
INFO: [VRFC 10-2263] Analyzing Verilog file "E:/166 Lab/2_2/adder.v" into library xil_defaultlib
INFO: [VRFC 10-311] analyzing module adder
INFO: [VRFC 10-2263] Analyzing Verilog file "E:/166 Lab/2_2/dffa.v" into library xil_defaultlib
INFO: [VRFC 10-311] analyzing module dffa
INFO: [VRFC 10-2263] Analyzing Verilog file "E:/166 Lab/2_2/dffb.v" into library xil_defaultlib
INFO: [VRFC 10-311] analyzing module dffb
INFO: [VRFC 10-2263] Analyzing Verilog file "E:/166 Lab/2_2/ph.v" into library xil_defaultlib
INFO: [VRFC 10-311] analyzing module ph
INFO: [VRFC 10-2263] Analyzing Verilog file "E:/166 Lab/2_2/pl.v" into library xil_defaultlib
INFO: [VRFC 10-311] analyzing module pl
INFO: [VRFC 10-2263] Analyzing Verilog file "E:/166 Lab/2_2/multiplier.v" into library xil_defaultlib
INFO: [VRFC 10-311] analyzing module multiplier
INFO: [VRFC 10-2263] Analyzing Verilog file "E:/166 Lab/2_2/Lab2_2/Lab2_2.sim/sim_1/behav/glbl.v" into library xil_defaultlib
INFO: [VRFC 10-311] analyzing module glbl
INFO: [USF-XSim-69] 'compile' step finished in '2' seconds
INFO: [USF-XSim-3] XSim::Elaborate design
INFO: [USF-XSim-61] Executing 'ELABORATE' step in 'E:/166 Lab/2_2/Lab2_2/Lab2_2.sim/sim_1/behav'
Vivado Simulator 2017.2
Copyright 1986-1999, 2001-2016 Xilinx, Inc. All Rights Reserved.
Running: C:/Xilinx/Vivado/2017.2/bin/unwrapped/win64.o/xelab.exe -wto 41d621a2a11a44cab3370cfff6b0870d --debug typical --relax --mt 2 -L xil_defaultlib -L unisims_ver -L unimacro_ver -L secureip --snapshot multiplier_behav xil_defaultlib.multiplier xil_defaultlib.glbl -log elaborate.log 
Using 2 slave threads.
Starting static elaboration
WARNING: [VRFC 10-278] actual bit length 32 differs from formal bit length 1 for port load [E:/166 Lab/2_2/multiplier.v:12]
Completed static elaboration
Starting simulation data flow analysis
WARNING: [XSIM 43-4100] "E:/166 Lab/2_2/Lab2_2/Lab2_2.sim/sim_1/behav/glbl.v" Line 6. Module glbl has a timescale but at least one module in design doesn't have timescale.
Completed simulation data flow analysis
Time Resolution for simulation is 1ps
Compiling module xil_defaultlib.ph
Compiling module xil_defaultlib.pl
Compiling module xil_defaultlib.dffa
Compiling module xil_defaultlib.dffb
Compiling module xil_defaultlib.MUX2_1
Compiling module xil_defaultlib.adder
Compiling module xil_defaultlib.multiplier
Compiling module xil_defaultlib.glbl
Built simulation snapshot multiplier_behav

****** Webtalk v2017.2 (64-bit)
  **** SW Build 1909853 on Thu Jun 15 18:39:09 MDT 2017
  **** IP Build 1909766 on Thu Jun 15 19:58:00 MDT 2017
    ** Copyright 1986-2017 Xilinx, Inc. All Rights Reserved.

source E:/166 -notrace
invalid command name "%"
    while executing
"% Total    % Received % Xferd  Average Speed   Time    Time     Time  Current"
    (file "E:/166" line 1)
INFO: [Common 17-206] Exiting Webtalk at Wed Feb 21 12:58:42 2018...
run_program: Time (s): cpu = 00:00:00 ; elapsed = 00:00:06 . Memory (MB): peak = 841.020 ; gain = 0.000
INFO: [USF-XSim-69] 'elaborate' step finished in '6' seconds
INFO: [USF-XSim-4] XSim::Simulate design
INFO: [USF-XSim-61] Executing 'SIMULATE' step in 'E:/166 Lab/2_2/Lab2_2/Lab2_2.sim/sim_1/behav'
INFO: [USF-XSim-98] *** Running xsim
   with args "multiplier_behav -key {Behavioral:sim_1:Functional:multiplier} -tclbatch {multiplier.tcl} -log {simulate.log}"
INFO: [USF-XSim-8] Loading simulator feature
Vivado Simulator 2017.2
Time resolution is 1 ps
source multiplier.tcl
# set curr_wave [current_wave_config]
# if { [string length $curr_wave] == 0 } {
#   if { [llength [get_objects]] > 0} {
#     add_wave /
#     set_property needs_save false [current_wave_config]
#   } else {
#      send_msg_id Add_Wave-1 WARNING "No top level signals found. Simulator will start without a wave window. If you want to open a wave window go to 'File->New Waveform Configuration' or type 'create_wave_config' in the TCL console."
#   }
# }
# run 1000ns
INFO: [USF-XSim-96] XSim completed. Design snapshot 'multiplier_behav' loaded.
INFO: [USF-XSim-97] XSim simulation ran for 1000ns
launch_simulation: Time (s): cpu = 00:00:03 ; elapsed = 00:00:14 . Memory (MB): peak = 841.020 ; gain = 0.000
set_property is_enabled false [get_files  {{E:/166 Lab/2_2/multiplier.v}}]
update_compile_order -fileset sim_1
update_compile_order -fileset sources_1
reset_run synth_1
WARNING: [Vivado 12-1017] Problems encountered:
1. Failed to delete one or more files in run directory E:/166 Lab/2_2/Lab2_2/Lab2_2.runs/synth_1

launch_runs synth_1 -jobs 2
[Wed Feb 21 13:04:43 2018] Launched synth_1...
Run output will be captured here: E:/166 Lab/2_2/Lab2_2/Lab2_2.runs/synth_1/runme.log
launch_simulation
WARNING: [Vivado 12-3661] Failed to remove file:E:/166 Lab/2_2/Lab2_2/Lab2_2.sim/sim_1/behav/xelab.pb
WARNING: [Vivado 12-3661] Failed to remove file:E:/166 Lab/2_2/Lab2_2/Lab2_2.sim/sim_1/behav/simulate.log
WARNING: [Vivado 12-3661] Failed to remove file:E:/166 Lab/2_2/Lab2_2/Lab2_2.sim/sim_1/behav/multiplier_tb_behav.wdb
WARNING: [Vivado 12-3661] Failed to remove file:E:/166 Lab/2_2/Lab2_2/Lab2_2.sim/sim_1/behav/multiplier_behav.wdb
INFO: [SIM-utils-51] Simulation object is 'sim_1'
INFO: [SIM-utils-54] Inspecting design source files for 'dffa_tb' in fileset 'sim_1'...
INFO: [USF-XSim-97] Finding global include files...
INFO: [USF-XSim-98] Fetching design files from 'sim_1'...
INFO: [USF-XSim-2] XSim::Compile design
INFO: [USF-XSim-61] Executing 'COMPILE and ANALYZE' step in 'E:/166 Lab/2_2/Lab2_2/Lab2_2.sim/sim_1/behav'
"xvlog -m64 --relax -prj dffa_tb_vlog.prj"
INFO: [VRFC 10-2263] Analyzing Verilog file "E:/166 Lab/2_2/dffa.v" into library xil_defaultlib
INFO: [VRFC 10-311] analyzing module dffa
INFO: [VRFC 10-2263] Analyzing Verilog file "E:/166 Lab/2_2/dffa_tb.v" into library xil_defaultlib
INFO: [VRFC 10-311] analyzing module dffa_tb
INFO: [VRFC 10-2263] Analyzing Verilog file "E:/166 Lab/2_2/Lab2_2/Lab2_2.sim/sim_1/behav/glbl.v" into library xil_defaultlib
INFO: [VRFC 10-311] analyzing module glbl
INFO: [USF-XSim-69] 'compile' step finished in '2' seconds
INFO: [USF-XSim-3] XSim::Elaborate design
INFO: [USF-XSim-61] Executing 'ELABORATE' step in 'E:/166 Lab/2_2/Lab2_2/Lab2_2.sim/sim_1/behav'
Vivado Simulator 2017.2
Copyright 1986-1999, 2001-2016 Xilinx, Inc. All Rights Reserved.
Running: C:/Xilinx/Vivado/2017.2/bin/unwrapped/win64.o/xelab.exe -wto 41d621a2a11a44cab3370cfff6b0870d --debug typical --relax --mt 2 -L xil_defaultlib -L unisims_ver -L unimacro_ver -L secureip --snapshot dffa_tb_behav xil_defaultlib.dffa_tb xil_defaultlib.glbl -log elaborate.log 
Using 2 slave threads.
Starting static elaboration
Completed static elaboration
Starting simulation data flow analysis
WARNING: [XSIM 43-4099] "E:/166 Lab/2_2/dffa.v" Line 1. Module dffa doesn't have a timescale but at least one module in design has a timescale.
Completed simulation data flow analysis
Time Resolution for simulation is 1ps
Compiling module xil_defaultlib.dffa
Compiling module xil_defaultlib.dffa_tb
Compiling module xil_defaultlib.glbl
Built simulation snapshot dffa_tb_behav

****** Webtalk v2017.2 (64-bit)
  **** SW Build 1909853 on Thu Jun 15 18:39:09 MDT 2017
  **** IP Build 1909766 on Thu Jun 15 19:58:00 MDT 2017
    ** Copyright 1986-2017 Xilinx, Inc. All Rights Reserved.

source E:/166 -notrace
invalid command name "%"
    while executing
"% Total    % Received % Xferd  Average Speed   Time    Time     Time  Current"
    (file "E:/166" line 1)
INFO: [Common 17-206] Exiting Webtalk at Wed Feb 21 13:05:35 2018...
INFO: [USF-XSim-69] 'elaborate' step finished in '4' seconds
INFO: [USF-XSim-4] XSim::Simulate design
INFO: [USF-XSim-61] Executing 'SIMULATE' step in 'E:/166 Lab/2_2/Lab2_2/Lab2_2.sim/sim_1/behav'
INFO: [USF-XSim-98] *** Running xsim
   with args "dffa_tb_behav -key {Behavioral:sim_1:Functional:dffa_tb} -tclbatch {dffa_tb.tcl} -log {simulate.log}"
INFO: [USF-XSim-8] Loading simulator feature
Vivado Simulator 2017.2
Time resolution is 1 ps
source dffa_tb.tcl
# set curr_wave [current_wave_config]
# if { [string length $curr_wave] == 0 } {
#   if { [llength [get_objects]] > 0} {
#     add_wave /
#     set_property needs_save false [current_wave_config]
#   } else {
#      send_msg_id Add_Wave-1 WARNING "No top level signals found. Simulator will start without a wave window. If you want to open a wave window go to 'File->New Waveform Configuration' or type 'create_wave_config' in the TCL console."
#   }
# }
# run 1000ns
INFO: [USF-XSim-96] XSim completed. Design snapshot 'dffa_tb_behav' loaded.
INFO: [USF-XSim-97] XSim simulation ran for 1000ns
launch_simulation: Time (s): cpu = 00:00:01 ; elapsed = 00:00:11 . Memory (MB): peak = 841.020 ; gain = 0.000
set_property is_enabled true [get_files  {{E:/166 Lab/2_2/multiplier.v}}]
update_compile_order -fileset sources_1
update_compile_order -fileset sources_1
set_property is_enabled false [get_files  {{E:/166 Lab/2_2/dffa_tb.v}}]
set_property is_enabled true [get_files  {{E:/166 Lab/2_2/Lab2_2/Lab2_2.srcs/sim_1/new/multiplier_tb.v}}]
update_compile_order -fileset sim_1
update_compile_order -fileset sim_1
reset_run synth_1
WARNING: [Vivado 12-1017] Problems encountered:
1. Failed to delete one or more files in run directory E:/166 Lab/2_2/Lab2_2/Lab2_2.runs/synth_1

launch_runs synth_1 -jobs 2
[Wed Feb 21 13:21:12 2018] Launched synth_1...
Run output will be captured here: E:/166 Lab/2_2/Lab2_2/Lab2_2.runs/synth_1/runme.log
launch_runs impl_1 -jobs 2
[Wed Feb 21 13:21:58 2018] Launched impl_1...
Run output will be captured here: E:/166 Lab/2_2/Lab2_2/Lab2_2.runs/impl_1/runme.log
reset_run impl_1 -prev_step 
current_sim simulation_1
close_sim
INFO: [Simtcl 6-16] Simulation closed
launch_simulation
WARNING: [Vivado 12-3661] Failed to remove file:E:/166 Lab/2_2/Lab2_2/Lab2_2.sim/sim_1/behav/xelab.pb
WARNING: [Vivado 12-3661] Failed to remove file:E:/166 Lab/2_2/Lab2_2/Lab2_2.sim/sim_1/behav/simulate.log
WARNING: [Vivado 12-3661] Failed to remove file:E:/166 Lab/2_2/Lab2_2/Lab2_2.sim/sim_1/behav/multiplier_tb_behav.wdb
WARNING: [Vivado 12-3661] Failed to remove file:E:/166 Lab/2_2/Lab2_2/Lab2_2.sim/sim_1/behav/multiplier_behav.wdb
WARNING: [Vivado 12-3661] Failed to remove file:E:/166 Lab/2_2/Lab2_2/Lab2_2.sim/sim_1/behav/dffa_tb_behav.wdb
INFO: [SIM-utils-51] Simulation object is 'sim_1'
INFO: [SIM-utils-54] Inspecting design source files for 'multiplier_tb' in fileset 'sim_1'...
INFO: [USF-XSim-97] Finding global include files...
INFO: [USF-XSim-98] Fetching design files from 'sim_1'...
INFO: [USF-XSim-2] XSim::Compile design
INFO: [USF-XSim-61] Executing 'COMPILE and ANALYZE' step in 'E:/166 Lab/2_2/Lab2_2/Lab2_2.sim/sim_1/behav'
"xvlog -m64 --relax -prj multiplier_tb_vlog.prj"
INFO: [VRFC 10-2263] Analyzing Verilog file "E:/166 Lab/2_2/MUX2_1.v" into library xil_defaultlib
INFO: [VRFC 10-311] analyzing module MUX2_1
INFO: [VRFC 10-2263] Analyzing Verilog file "E:/166 Lab/2_2/adder.v" into library xil_defaultlib
INFO: [VRFC 10-311] analyzing module adder
INFO: [VRFC 10-2263] Analyzing Verilog file "E:/166 Lab/2_2/dffa.v" into library xil_defaultlib
INFO: [VRFC 10-311] analyzing module dffa
INFO: [VRFC 10-2263] Analyzing Verilog file "E:/166 Lab/2_2/dffb.v" into library xil_defaultlib
INFO: [VRFC 10-311] analyzing module dffb
INFO: [VRFC 10-2263] Analyzing Verilog file "E:/166 Lab/2_2/multiplier.v" into library xil_defaultlib
INFO: [VRFC 10-311] analyzing module multiplier
INFO: [VRFC 10-2263] Analyzing Verilog file "E:/166 Lab/2_2/ph.v" into library xil_defaultlib
INFO: [VRFC 10-311] analyzing module ph
INFO: [VRFC 10-2263] Analyzing Verilog file "E:/166 Lab/2_2/pl.v" into library xil_defaultlib
INFO: [VRFC 10-311] analyzing module pl
INFO: [VRFC 10-2263] Analyzing Verilog file "E:/166 Lab/2_2/Lab2_2/Lab2_2.srcs/sim_1/new/multiplier_tb.v" into library xil_defaultlib
INFO: [VRFC 10-311] analyzing module multiplier_tb
INFO: [VRFC 10-2263] Analyzing Verilog file "E:/166 Lab/2_2/Lab2_2/Lab2_2.sim/sim_1/behav/glbl.v" into library xil_defaultlib
INFO: [VRFC 10-311] analyzing module glbl
INFO: [USF-XSim-69] 'compile' step finished in '2' seconds
INFO: [USF-XSim-3] XSim::Elaborate design
INFO: [USF-XSim-61] Executing 'ELABORATE' step in 'E:/166 Lab/2_2/Lab2_2/Lab2_2.sim/sim_1/behav'
Vivado Simulator 2017.2
Copyright 1986-1999, 2001-2016 Xilinx, Inc. All Rights Reserved.
Running: C:/Xilinx/Vivado/2017.2/bin/unwrapped/win64.o/xelab.exe -wto 41d621a2a11a44cab3370cfff6b0870d --debug typical --relax --mt 2 -L xil_defaultlib -L unisims_ver -L unimacro_ver -L secureip --snapshot multiplier_tb_behav xil_defaultlib.multiplier_tb xil_defaultlib.glbl -log elaborate.log 
Using 2 slave threads.
Starting static elaboration
WARNING: [VRFC 10-278] actual bit length 1 differs from formal bit length 8 for port out [E:/166 Lab/2_2/Lab2_2/Lab2_2.srcs/sim_1/new/multiplier_tb.v:8]
WARNING: [VRFC 10-278] actual bit length 32 differs from formal bit length 1 for port load [E:/166 Lab/2_2/multiplier.v:13]
Completed static elaboration
Starting simulation data flow analysis
WARNING: [XSIM 43-4099] "E:/166 Lab/2_2/multiplier.v" Line 1. Module multiplier doesn't have a timescale but at least one module in design has a timescale.
WARNING: [XSIM 43-4099] "E:/166 Lab/2_2/ph.v" Line 1. Module ph doesn't have a timescale but at least one module in design has a timescale.
WARNING: [XSIM 43-4099] "E:/166 Lab/2_2/pl.v" Line 1. Module pl doesn't have a timescale but at least one module in design has a timescale.
WARNING: [XSIM 43-4099] "E:/166 Lab/2_2/dffa.v" Line 1. Module dffa doesn't have a timescale but at least one module in design has a timescale.
WARNING: [XSIM 43-4099] "E:/166 Lab/2_2/dffb.v" Line 1. Module dffb doesn't have a timescale but at least one module in design has a timescale.
WARNING: [XSIM 43-4099] "E:/166 Lab/2_2/MUX2_1.v" Line 1. Module MUX2_1 doesn't have a timescale but at least one module in design has a timescale.
WARNING: [XSIM 43-4099] "E:/166 Lab/2_2/adder.v" Line 1. Module adder doesn't have a timescale but at least one module in design has a timescale.
Completed simulation data flow analysis
Time Resolution for simulation is 1ps
Compiling module xil_defaultlib.ph
Compiling module xil_defaultlib.pl
Compiling module xil_defaultlib.dffa
Compiling module xil_defaultlib.dffb
Compiling module xil_defaultlib.MUX2_1
Compiling module xil_defaultlib.adder
Compiling module xil_defaultlib.multiplier
Compiling module xil_defaultlib.multiplier_tb
Compiling module xil_defaultlib.glbl
Built simulation snapshot multiplier_tb_behav

****** Webtalk v2017.2 (64-bit)
  **** SW Build 1909853 on Thu Jun 15 18:39:09 MDT 2017
  **** IP Build 1909766 on Thu Jun 15 19:58:00 MDT 2017
    ** Copyright 1986-2017 Xilinx, Inc. All Rights Reserved.

source E:/166 -notrace
invalid command name "%"
    while executing
"% Total    % Received % Xferd  Average Speed   Time    Time     Time  Current"
    (file "E:/166" line 1)
INFO: [Common 17-206] Exiting Webtalk at Wed Feb 21 13:22:58 2018...
INFO: [USF-XSim-69] 'elaborate' step finished in '4' seconds
INFO: [USF-XSim-4] XSim::Simulate design
INFO: [USF-XSim-61] Executing 'SIMULATE' step in 'E:/166 Lab/2_2/Lab2_2/Lab2_2.sim/sim_1/behav'
INFO: [USF-XSim-98] *** Running xsim
   with args "multiplier_tb_behav -key {Behavioral:sim_1:Functional:multiplier_tb} -tclbatch {multiplier_tb.tcl} -log {simulate.log}"
INFO: [USF-XSim-8] Loading simulator feature
Vivado Simulator 2017.2
Time resolution is 1 ps
source multiplier_tb.tcl
# set curr_wave [current_wave_config]
# if { [string length $curr_wave] == 0 } {
#   if { [llength [get_objects]] > 0} {
#     add_wave /
#     set_property needs_save false [current_wave_config]
#   } else {
#      send_msg_id Add_Wave-1 WARNING "No top level signals found. Simulator will start without a wave window. If you want to open a wave window go to 'File->New Waveform Configuration' or type 'create_wave_config' in the TCL console."
#   }
# }
# run 1000ns
INFO: [USF-XSim-96] XSim completed. Design snapshot 'multiplier_tb_behav' loaded.
INFO: [USF-XSim-97] XSim simulation ran for 1000ns
launch_simulation: Time (s): cpu = 00:00:02 ; elapsed = 00:00:10 . Memory (MB): peak = 868.867 ; gain = 3.438
close_sim
INFO: [Simtcl 6-16] Simulation closed
current_sim simulation_3
close_sim
INFO: [Simtcl 6-16] Simulation closed
close_sim
INFO: [Simtcl 6-16] Simulation closed
close_sim: Time (s): cpu = 00:00:01 ; elapsed = 00:00:05 . Memory (MB): peak = 868.867 ; gain = 0.000
launch_simulation
INFO: [SIM-utils-51] Simulation object is 'sim_1'
INFO: [SIM-utils-54] Inspecting design source files for 'multiplier_tb' in fileset 'sim_1'...
INFO: [USF-XSim-97] Finding global include files...
INFO: [USF-XSim-98] Fetching design files from 'sim_1'...
INFO: [USF-XSim-2] XSim::Compile design
INFO: [USF-XSim-61] Executing 'COMPILE and ANALYZE' step in 'E:/166 Lab/2_2/Lab2_2/Lab2_2.sim/sim_1/behav'
"xvlog -m64 --relax -prj multiplier_tb_vlog.prj"
INFO: [VRFC 10-2263] Analyzing Verilog file "E:/166 Lab/2_2/MUX2_1.v" into library xil_defaultlib
INFO: [VRFC 10-311] analyzing module MUX2_1
INFO: [VRFC 10-2263] Analyzing Verilog file "E:/166 Lab/2_2/adder.v" into library xil_defaultlib
INFO: [VRFC 10-311] analyzing module adder
INFO: [VRFC 10-2263] Analyzing Verilog file "E:/166 Lab/2_2/dffa.v" into library xil_defaultlib
INFO: [VRFC 10-311] analyzing module dffa
INFO: [VRFC 10-2263] Analyzing Verilog file "E:/166 Lab/2_2/dffb.v" into library xil_defaultlib
INFO: [VRFC 10-311] analyzing module dffb
INFO: [VRFC 10-2263] Analyzing Verilog file "E:/166 Lab/2_2/multiplier.v" into library xil_defaultlib
INFO: [VRFC 10-311] analyzing module multiplier
INFO: [VRFC 10-2263] Analyzing Verilog file "E:/166 Lab/2_2/ph.v" into library xil_defaultlib
INFO: [VRFC 10-311] analyzing module ph
INFO: [VRFC 10-2263] Analyzing Verilog file "E:/166 Lab/2_2/pl.v" into library xil_defaultlib
INFO: [VRFC 10-311] analyzing module pl
INFO: [VRFC 10-2263] Analyzing Verilog file "E:/166 Lab/2_2/Lab2_2/Lab2_2.srcs/sim_1/new/multiplier_tb.v" into library xil_defaultlib
INFO: [VRFC 10-311] analyzing module multiplier_tb
INFO: [VRFC 10-2263] Analyzing Verilog file "E:/166 Lab/2_2/Lab2_2/Lab2_2.sim/sim_1/behav/glbl.v" into library xil_defaultlib
INFO: [VRFC 10-311] analyzing module glbl
INFO: [USF-XSim-69] 'compile' step finished in '1' seconds
INFO: [USF-XSim-3] XSim::Elaborate design
INFO: [USF-XSim-61] Executing 'ELABORATE' step in 'E:/166 Lab/2_2/Lab2_2/Lab2_2.sim/sim_1/behav'
Vivado Simulator 2017.2
Copyright 1986-1999, 2001-2016 Xilinx, Inc. All Rights Reserved.
Running: C:/Xilinx/Vivado/2017.2/bin/unwrapped/win64.o/xelab.exe -wto 41d621a2a11a44cab3370cfff6b0870d --debug typical --relax --mt 2 -L xil_defaultlib -L unisims_ver -L unimacro_ver -L secureip --snapshot multiplier_tb_behav xil_defaultlib.multiplier_tb xil_defaultlib.glbl -log elaborate.log 
Using 2 slave threads.
Starting static elaboration
WARNING: [VRFC 10-278] actual bit length 1 differs from formal bit length 8 for port out [E:/166 Lab/2_2/Lab2_2/Lab2_2.srcs/sim_1/new/multiplier_tb.v:8]
WARNING: [VRFC 10-278] actual bit length 32 differs from formal bit length 1 for port load [E:/166 Lab/2_2/multiplier.v:13]
Completed static elaboration
Starting simulation data flow analysis
WARNING: [XSIM 43-4099] "E:/166 Lab/2_2/multiplier.v" Line 1. Module multiplier doesn't have a timescale but at least one module in design has a timescale.
WARNING: [XSIM 43-4099] "E:/166 Lab/2_2/ph.v" Line 1. Module ph doesn't have a timescale but at least one module in design has a timescale.
WARNING: [XSIM 43-4099] "E:/166 Lab/2_2/pl.v" Line 1. Module pl doesn't have a timescale but at least one module in design has a timescale.
WARNING: [XSIM 43-4099] "E:/166 Lab/2_2/dffa.v" Line 1. Module dffa doesn't have a timescale but at least one module in design has a timescale.
WARNING: [XSIM 43-4099] "E:/166 Lab/2_2/dffb.v" Line 1. Module dffb doesn't have a timescale but at least one module in design has a timescale.
WARNING: [XSIM 43-4099] "E:/166 Lab/2_2/MUX2_1.v" Line 1. Module MUX2_1 doesn't have a timescale but at least one module in design has a timescale.
WARNING: [XSIM 43-4099] "E:/166 Lab/2_2/adder.v" Line 1. Module adder doesn't have a timescale but at least one module in design has a timescale.
Completed simulation data flow analysis
Time Resolution for simulation is 1ps
Compiling module xil_defaultlib.ph
Compiling module xil_defaultlib.pl
Compiling module xil_defaultlib.dffa
Compiling module xil_defaultlib.dffb
Compiling module xil_defaultlib.MUX2_1
Compiling module xil_defaultlib.adder
Compiling module xil_defaultlib.multiplier
Compiling module xil_defaultlib.multiplier_tb
Compiling module xil_defaultlib.glbl
Built simulation snapshot multiplier_tb_behav

****** Webtalk v2017.2 (64-bit)
  **** SW Build 1909853 on Thu Jun 15 18:39:09 MDT 2017
  **** IP Build 1909766 on Thu Jun 15 19:58:00 MDT 2017
    ** Copyright 1986-2017 Xilinx, Inc. All Rights Reserved.

source E:/166 -notrace
invalid command name "%"
    while executing
"% Total    % Received % Xferd  Average Speed   Time    Time     Time  Current"
    (file "E:/166" line 1)
INFO: [Common 17-206] Exiting Webtalk at Wed Feb 21 13:31:18 2018...
INFO: [USF-XSim-69] 'elaborate' step finished in '4' seconds
INFO: [USF-XSim-4] XSim::Simulate design
INFO: [USF-XSim-61] Executing 'SIMULATE' step in 'E:/166 Lab/2_2/Lab2_2/Lab2_2.sim/sim_1/behav'
INFO: [USF-XSim-98] *** Running xsim
   with args "multiplier_tb_behav -key {Behavioral:sim_1:Functional:multiplier_tb} -tclbatch {multiplier_tb.tcl} -log {simulate.log}"
INFO: [USF-XSim-8] Loading simulator feature
Vivado Simulator 2017.2
Time resolution is 1 ps
source multiplier_tb.tcl
# set curr_wave [current_wave_config]
# if { [string length $curr_wave] == 0 } {
#   if { [llength [get_objects]] > 0} {
#     add_wave /
#     set_property needs_save false [current_wave_config]
#   } else {
#      send_msg_id Add_Wave-1 WARNING "No top level signals found. Simulator will start without a wave window. If you want to open a wave window go to 'File->New Waveform Configuration' or type 'create_wave_config' in the TCL console."
#   }
# }
# run 1000ns
INFO: [USF-XSim-96] XSim completed. Design snapshot 'multiplier_tb_behav' loaded.
INFO: [USF-XSim-97] XSim simulation ran for 1000ns
launch_simulation: Time (s): cpu = 00:00:01 ; elapsed = 00:00:10 . Memory (MB): peak = 868.867 ; gain = 0.000
close_sim
INFO: [Simtcl 6-16] Simulation closed
launch_simulation
INFO: [SIM-utils-51] Simulation object is 'sim_1'
INFO: [SIM-utils-54] Inspecting design source files for 'multiplier_tb' in fileset 'sim_1'...
INFO: [USF-XSim-97] Finding global include files...
INFO: [USF-XSim-98] Fetching design files from 'sim_1'...
INFO: [USF-XSim-2] XSim::Compile design
INFO: [USF-XSim-61] Executing 'COMPILE and ANALYZE' step in 'E:/166 Lab/2_2/Lab2_2/Lab2_2.sim/sim_1/behav'
"xvlog -m64 --relax -prj multiplier_tb_vlog.prj"
INFO: [VRFC 10-2263] Analyzing Verilog file "E:/166 Lab/2_2/MUX2_1.v" into library xil_defaultlib
INFO: [VRFC 10-311] analyzing module MUX2_1
INFO: [VRFC 10-2263] Analyzing Verilog file "E:/166 Lab/2_2/adder.v" into library xil_defaultlib
INFO: [VRFC 10-311] analyzing module adder
INFO: [VRFC 10-2263] Analyzing Verilog file "E:/166 Lab/2_2/dffa.v" into library xil_defaultlib
INFO: [VRFC 10-311] analyzing module dffa
INFO: [VRFC 10-2263] Analyzing Verilog file "E:/166 Lab/2_2/dffb.v" into library xil_defaultlib
INFO: [VRFC 10-311] analyzing module dffb
INFO: [VRFC 10-2263] Analyzing Verilog file "E:/166 Lab/2_2/multiplier.v" into library xil_defaultlib
INFO: [VRFC 10-311] analyzing module multiplier
INFO: [VRFC 10-2263] Analyzing Verilog file "E:/166 Lab/2_2/ph.v" into library xil_defaultlib
INFO: [VRFC 10-311] analyzing module ph
INFO: [VRFC 10-2263] Analyzing Verilog file "E:/166 Lab/2_2/pl.v" into library xil_defaultlib
INFO: [VRFC 10-311] analyzing module pl
INFO: [VRFC 10-2263] Analyzing Verilog file "E:/166 Lab/2_2/Lab2_2/Lab2_2.srcs/sim_1/new/multiplier_tb.v" into library xil_defaultlib
INFO: [VRFC 10-311] analyzing module multiplier_tb
INFO: [VRFC 10-2263] Analyzing Verilog file "E:/166 Lab/2_2/Lab2_2/Lab2_2.sim/sim_1/behav/glbl.v" into library xil_defaultlib
INFO: [VRFC 10-311] analyzing module glbl
INFO: [USF-XSim-69] 'compile' step finished in '1' seconds
INFO: [USF-XSim-3] XSim::Elaborate design
INFO: [USF-XSim-61] Executing 'ELABORATE' step in 'E:/166 Lab/2_2/Lab2_2/Lab2_2.sim/sim_1/behav'
Vivado Simulator 2017.2
Copyright 1986-1999, 2001-2016 Xilinx, Inc. All Rights Reserved.
Running: C:/Xilinx/Vivado/2017.2/bin/unwrapped/win64.o/xelab.exe -wto 41d621a2a11a44cab3370cfff6b0870d --debug typical --relax --mt 2 -L xil_defaultlib -L unisims_ver -L unimacro_ver -L secureip --snapshot multiplier_tb_behav xil_defaultlib.multiplier_tb xil_defaultlib.glbl -log elaborate.log 
Using 2 slave threads.
Starting static elaboration
WARNING: [VRFC 10-278] actual bit length 1 differs from formal bit length 8 for port out [E:/166 Lab/2_2/Lab2_2/Lab2_2.srcs/sim_1/new/multiplier_tb.v:8]
WARNING: [VRFC 10-278] actual bit length 32 differs from formal bit length 1 for port load [E:/166 Lab/2_2/multiplier.v:13]
Completed static elaboration
Starting simulation data flow analysis
WARNING: [XSIM 43-4099] "E:/166 Lab/2_2/multiplier.v" Line 1. Module multiplier doesn't have a timescale but at least one module in design has a timescale.
WARNING: [XSIM 43-4099] "E:/166 Lab/2_2/ph.v" Line 1. Module ph doesn't have a timescale but at least one module in design has a timescale.
WARNING: [XSIM 43-4099] "E:/166 Lab/2_2/pl.v" Line 1. Module pl doesn't have a timescale but at least one module in design has a timescale.
WARNING: [XSIM 43-4099] "E:/166 Lab/2_2/dffa.v" Line 1. Module dffa doesn't have a timescale but at least one module in design has a timescale.
WARNING: [XSIM 43-4099] "E:/166 Lab/2_2/dffb.v" Line 1. Module dffb doesn't have a timescale but at least one module in design has a timescale.
WARNING: [XSIM 43-4099] "E:/166 Lab/2_2/MUX2_1.v" Line 1. Module MUX2_1 doesn't have a timescale but at least one module in design has a timescale.
WARNING: [XSIM 43-4099] "E:/166 Lab/2_2/adder.v" Line 1. Module adder doesn't have a timescale but at least one module in design has a timescale.
Completed simulation data flow analysis
Time Resolution for simulation is 1ps
Compiling module xil_defaultlib.ph
Compiling module xil_defaultlib.pl
Compiling module xil_defaultlib.dffa
Compiling module xil_defaultlib.dffb
Compiling module xil_defaultlib.MUX2_1
Compiling module xil_defaultlib.adder
Compiling module xil_defaultlib.multiplier
Compiling module xil_defaultlib.multiplier_tb
Compiling module xil_defaultlib.glbl
Built simulation snapshot multiplier_tb_behav

****** Webtalk v2017.2 (64-bit)
  **** SW Build 1909853 on Thu Jun 15 18:39:09 MDT 2017
  **** IP Build 1909766 on Thu Jun 15 19:58:00 MDT 2017
    ** Copyright 1986-2017 Xilinx, Inc. All Rights Reserved.

source E:/166 -notrace
invalid command name "%"
    while executing
"% Total    % Received % Xferd  Average Speed   Time    Time     Time  Current"
    (file "E:/166" line 1)
INFO: [Common 17-206] Exiting Webtalk at Wed Feb 21 13:32:12 2018...
INFO: [USF-XSim-69] 'elaborate' step finished in '4' seconds
INFO: [USF-XSim-4] XSim::Simulate design
INFO: [USF-XSim-61] Executing 'SIMULATE' step in 'E:/166 Lab/2_2/Lab2_2/Lab2_2.sim/sim_1/behav'
INFO: [USF-XSim-98] *** Running xsim
   with args "multiplier_tb_behav -key {Behavioral:sim_1:Functional:multiplier_tb} -tclbatch {multiplier_tb.tcl} -log {simulate.log}"
INFO: [USF-XSim-8] Loading simulator feature
Vivado Simulator 2017.2
Time resolution is 1 ps
source multiplier_tb.tcl
# set curr_wave [current_wave_config]
# if { [string length $curr_wave] == 0 } {
#   if { [llength [get_objects]] > 0} {
#     add_wave /
#     set_property needs_save false [current_wave_config]
#   } else {
#      send_msg_id Add_Wave-1 WARNING "No top level signals found. Simulator will start without a wave window. If you want to open a wave window go to 'File->New Waveform Configuration' or type 'create_wave_config' in the TCL console."
#   }
# }
# run 1000ns
INFO: [USF-XSim-96] XSim completed. Design snapshot 'multiplier_tb_behav' loaded.
INFO: [USF-XSim-97] XSim simulation ran for 1000ns
launch_simulation: Time (s): cpu = 00:00:01 ; elapsed = 00:00:12 . Memory (MB): peak = 868.867 ; gain = 0.000
close_sim
INFO: [Simtcl 6-16] Simulation closed
launch_simulation
INFO: [SIM-utils-51] Simulation object is 'sim_1'
INFO: [SIM-utils-54] Inspecting design source files for 'multiplier_tb' in fileset 'sim_1'...
INFO: [USF-XSim-97] Finding global include files...
INFO: [USF-XSim-98] Fetching design files from 'sim_1'...
INFO: [USF-XSim-2] XSim::Compile design
INFO: [USF-XSim-61] Executing 'COMPILE and ANALYZE' step in 'E:/166 Lab/2_2/Lab2_2/Lab2_2.sim/sim_1/behav'
"xvlog -m64 --relax -prj multiplier_tb_vlog.prj"
INFO: [VRFC 10-2263] Analyzing Verilog file "E:/166 Lab/2_2/MUX2_1.v" into library xil_defaultlib
INFO: [VRFC 10-311] analyzing module MUX2_1
INFO: [VRFC 10-2263] Analyzing Verilog file "E:/166 Lab/2_2/adder.v" into library xil_defaultlib
INFO: [VRFC 10-311] analyzing module adder
INFO: [VRFC 10-2263] Analyzing Verilog file "E:/166 Lab/2_2/dffa.v" into library xil_defaultlib
INFO: [VRFC 10-311] analyzing module dffa
INFO: [VRFC 10-2263] Analyzing Verilog file "E:/166 Lab/2_2/dffb.v" into library xil_defaultlib
INFO: [VRFC 10-311] analyzing module dffb
INFO: [VRFC 10-2263] Analyzing Verilog file "E:/166 Lab/2_2/multiplier.v" into library xil_defaultlib
INFO: [VRFC 10-311] analyzing module multiplier
INFO: [VRFC 10-2263] Analyzing Verilog file "E:/166 Lab/2_2/ph.v" into library xil_defaultlib
INFO: [VRFC 10-311] analyzing module ph
INFO: [VRFC 10-2263] Analyzing Verilog file "E:/166 Lab/2_2/pl.v" into library xil_defaultlib
INFO: [VRFC 10-311] analyzing module pl
INFO: [VRFC 10-2263] Analyzing Verilog file "E:/166 Lab/2_2/Lab2_2/Lab2_2.srcs/sim_1/new/multiplier_tb.v" into library xil_defaultlib
INFO: [VRFC 10-311] analyzing module multiplier_tb
INFO: [VRFC 10-2263] Analyzing Verilog file "E:/166 Lab/2_2/Lab2_2/Lab2_2.sim/sim_1/behav/glbl.v" into library xil_defaultlib
INFO: [VRFC 10-311] analyzing module glbl
INFO: [USF-XSim-69] 'compile' step finished in '1' seconds
INFO: [USF-XSim-3] XSim::Elaborate design
INFO: [USF-XSim-61] Executing 'ELABORATE' step in 'E:/166 Lab/2_2/Lab2_2/Lab2_2.sim/sim_1/behav'
Vivado Simulator 2017.2
Copyright 1986-1999, 2001-2016 Xilinx, Inc. All Rights Reserved.
Running: C:/Xilinx/Vivado/2017.2/bin/unwrapped/win64.o/xelab.exe -wto 41d621a2a11a44cab3370cfff6b0870d --debug typical --relax --mt 2 -L xil_defaultlib -L unisims_ver -L unimacro_ver -L secureip --snapshot multiplier_tb_behav xil_defaultlib.multiplier_tb xil_defaultlib.glbl -log elaborate.log 
Using 2 slave threads.
Starting static elaboration
WARNING: [VRFC 10-278] actual bit length 1 differs from formal bit length 8 for port out [E:/166 Lab/2_2/Lab2_2/Lab2_2.srcs/sim_1/new/multiplier_tb.v:8]
WARNING: [VRFC 10-278] actual bit length 32 differs from formal bit length 1 for port load [E:/166 Lab/2_2/multiplier.v:13]
Completed static elaboration
Starting simulation data flow analysis
WARNING: [XSIM 43-4099] "E:/166 Lab/2_2/multiplier.v" Line 1. Module multiplier doesn't have a timescale but at least one module in design has a timescale.
WARNING: [XSIM 43-4099] "E:/166 Lab/2_2/ph.v" Line 1. Module ph doesn't have a timescale but at least one module in design has a timescale.
WARNING: [XSIM 43-4099] "E:/166 Lab/2_2/pl.v" Line 1. Module pl doesn't have a timescale but at least one module in design has a timescale.
WARNING: [XSIM 43-4099] "E:/166 Lab/2_2/dffa.v" Line 1. Module dffa doesn't have a timescale but at least one module in design has a timescale.
WARNING: [XSIM 43-4099] "E:/166 Lab/2_2/dffb.v" Line 1. Module dffb doesn't have a timescale but at least one module in design has a timescale.
WARNING: [XSIM 43-4099] "E:/166 Lab/2_2/MUX2_1.v" Line 1. Module MUX2_1 doesn't have a timescale but at least one module in design has a timescale.
WARNING: [XSIM 43-4099] "E:/166 Lab/2_2/adder.v" Line 1. Module adder doesn't have a timescale but at least one module in design has a timescale.
Completed simulation data flow analysis
Time Resolution for simulation is 1ps
Compiling module xil_defaultlib.ph
Compiling module xil_defaultlib.pl
Compiling module xil_defaultlib.dffa
Compiling module xil_defaultlib.dffb
Compiling module xil_defaultlib.MUX2_1
Compiling module xil_defaultlib.adder
Compiling module xil_defaultlib.multiplier
Compiling module xil_defaultlib.multiplier_tb
Compiling module xil_defaultlib.glbl
Built simulation snapshot multiplier_tb_behav

****** Webtalk v2017.2 (64-bit)
  **** SW Build 1909853 on Thu Jun 15 18:39:09 MDT 2017
  **** IP Build 1909766 on Thu Jun 15 19:58:00 MDT 2017
    ** Copyright 1986-2017 Xilinx, Inc. All Rights Reserved.

source E:/166 -notrace
invalid command name "%"
    while executing
"% Total    % Received % Xferd  Average Speed   Time    Time     Time  Current"
    (file "E:/166" line 1)
INFO: [Common 17-206] Exiting Webtalk at Wed Feb 21 13:34:53 2018...
INFO: [USF-XSim-69] 'elaborate' step finished in '4' seconds
INFO: [USF-XSim-4] XSim::Simulate design
INFO: [USF-XSim-61] Executing 'SIMULATE' step in 'E:/166 Lab/2_2/Lab2_2/Lab2_2.sim/sim_1/behav'
INFO: [USF-XSim-98] *** Running xsim
   with args "multiplier_tb_behav -key {Behavioral:sim_1:Functional:multiplier_tb} -tclbatch {multiplier_tb.tcl} -log {simulate.log}"
INFO: [USF-XSim-8] Loading simulator feature
Vivado Simulator 2017.2
Time resolution is 1 ps
source multiplier_tb.tcl
# set curr_wave [current_wave_config]
# if { [string length $curr_wave] == 0 } {
#   if { [llength [get_objects]] > 0} {
#     add_wave /
#     set_property needs_save false [current_wave_config]
#   } else {
#      send_msg_id Add_Wave-1 WARNING "No top level signals found. Simulator will start without a wave window. If you want to open a wave window go to 'File->New Waveform Configuration' or type 'create_wave_config' in the TCL console."
#   }
# }
# run 1000ns
INFO: [USF-XSim-96] XSim completed. Design snapshot 'multiplier_tb_behav' loaded.
INFO: [USF-XSim-97] XSim simulation ran for 1000ns
launch_simulation: Time (s): cpu = 00:00:01 ; elapsed = 00:00:09 . Memory (MB): peak = 868.867 ; gain = 0.000
close_sim
INFO: [Simtcl 6-16] Simulation closed
reset_run synth_1
launch_runs synth_1 -jobs 2
[Wed Feb 21 13:43:44 2018] Launched synth_1...
Run output will be captured here: E:/166 Lab/2_2/Lab2_2/Lab2_2.runs/synth_1/runme.log
launch_simulation
INFO: [SIM-utils-51] Simulation object is 'sim_1'
INFO: [SIM-utils-54] Inspecting design source files for 'multiplier_tb' in fileset 'sim_1'...
INFO: [USF-XSim-97] Finding global include files...
INFO: [USF-XSim-98] Fetching design files from 'sim_1'...
INFO: [USF-XSim-2] XSim::Compile design
INFO: [USF-XSim-61] Executing 'COMPILE and ANALYZE' step in 'E:/166 Lab/2_2/Lab2_2/Lab2_2.sim/sim_1/behav'
"xvlog -m64 --relax -prj multiplier_tb_vlog.prj"
INFO: [VRFC 10-2263] Analyzing Verilog file "E:/166 Lab/2_2/MUX2_1.v" into library xil_defaultlib
INFO: [VRFC 10-311] analyzing module MUX2_1
INFO: [VRFC 10-2263] Analyzing Verilog file "E:/166 Lab/2_2/adder.v" into library xil_defaultlib
INFO: [VRFC 10-311] analyzing module adder
INFO: [VRFC 10-2263] Analyzing Verilog file "E:/166 Lab/2_2/dffa.v" into library xil_defaultlib
INFO: [VRFC 10-311] analyzing module dffa
INFO: [VRFC 10-2263] Analyzing Verilog file "E:/166 Lab/2_2/dffb.v" into library xil_defaultlib
INFO: [VRFC 10-311] analyzing module dffb
INFO: [VRFC 10-2263] Analyzing Verilog file "E:/166 Lab/2_2/multiplier.v" into library xil_defaultlib
INFO: [VRFC 10-311] analyzing module multiplier
INFO: [VRFC 10-2263] Analyzing Verilog file "E:/166 Lab/2_2/ph.v" into library xil_defaultlib
INFO: [VRFC 10-311] analyzing module ph
INFO: [VRFC 10-2263] Analyzing Verilog file "E:/166 Lab/2_2/pl.v" into library xil_defaultlib
INFO: [VRFC 10-311] analyzing module pl
INFO: [VRFC 10-2263] Analyzing Verilog file "E:/166 Lab/2_2/Lab2_2/Lab2_2.srcs/sim_1/new/multiplier_tb.v" into library xil_defaultlib
INFO: [VRFC 10-311] analyzing module multiplier_tb
INFO: [VRFC 10-2263] Analyzing Verilog file "E:/166 Lab/2_2/Lab2_2/Lab2_2.sim/sim_1/behav/glbl.v" into library xil_defaultlib
INFO: [VRFC 10-311] analyzing module glbl
INFO: [USF-XSim-69] 'compile' step finished in '2' seconds
INFO: [USF-XSim-3] XSim::Elaborate design
INFO: [USF-XSim-61] Executing 'ELABORATE' step in 'E:/166 Lab/2_2/Lab2_2/Lab2_2.sim/sim_1/behav'
Vivado Simulator 2017.2
Copyright 1986-1999, 2001-2016 Xilinx, Inc. All Rights Reserved.
Running: C:/Xilinx/Vivado/2017.2/bin/unwrapped/win64.o/xelab.exe -wto 41d621a2a11a44cab3370cfff6b0870d --debug typical --relax --mt 2 -L xil_defaultlib -L unisims_ver -L unimacro_ver -L secureip --snapshot multiplier_tb_behav xil_defaultlib.multiplier_tb xil_defaultlib.glbl -log elaborate.log 
Using 2 slave threads.
Starting static elaboration
WARNING: [VRFC 10-278] actual bit length 1 differs from formal bit length 8 for port out [E:/166 Lab/2_2/Lab2_2/Lab2_2.srcs/sim_1/new/multiplier_tb.v:8]
WARNING: [VRFC 10-278] actual bit length 32 differs from formal bit length 1 for port load [E:/166 Lab/2_2/multiplier.v:13]
Completed static elaboration
Starting simulation data flow analysis
WARNING: [XSIM 43-4099] "E:/166 Lab/2_2/multiplier.v" Line 1. Module multiplier doesn't have a timescale but at least one module in design has a timescale.
WARNING: [XSIM 43-4099] "E:/166 Lab/2_2/ph.v" Line 1. Module ph doesn't have a timescale but at least one module in design has a timescale.
WARNING: [XSIM 43-4099] "E:/166 Lab/2_2/pl.v" Line 1. Module pl doesn't have a timescale but at least one module in design has a timescale.
WARNING: [XSIM 43-4099] "E:/166 Lab/2_2/dffa.v" Line 1. Module dffa doesn't have a timescale but at least one module in design has a timescale.
WARNING: [XSIM 43-4099] "E:/166 Lab/2_2/dffb.v" Line 1. Module dffb doesn't have a timescale but at least one module in design has a timescale.
WARNING: [XSIM 43-4099] "E:/166 Lab/2_2/MUX2_1.v" Line 1. Module MUX2_1 doesn't have a timescale but at least one module in design has a timescale.
WARNING: [XSIM 43-4099] "E:/166 Lab/2_2/adder.v" Line 1. Module adder doesn't have a timescale but at least one module in design has a timescale.
Completed simulation data flow analysis
Time Resolution for simulation is 1ps
Compiling module xil_defaultlib.ph
Compiling module xil_defaultlib.pl
Compiling module xil_defaultlib.dffa
Compiling module xil_defaultlib.dffb
Compiling module xil_defaultlib.MUX2_1
Compiling module xil_defaultlib.adder
Compiling module xil_defaultlib.multiplier
Compiling module xil_defaultlib.multiplier_tb
Compiling module xil_defaultlib.glbl
Built simulation snapshot multiplier_tb_behav

****** Webtalk v2017.2 (64-bit)
  **** SW Build 1909853 on Thu Jun 15 18:39:09 MDT 2017
  **** IP Build 1909766 on Thu Jun 15 19:58:00 MDT 2017
    ** Copyright 1986-2017 Xilinx, Inc. All Rights Reserved.

source E:/166 -notrace
invalid command name "%"
    while executing
"% Total    % Received % Xferd  Average Speed   Time    Time     Time  Current"
    (file "E:/166" line 1)
INFO: [Common 17-206] Exiting Webtalk at Wed Feb 21 13:44:35 2018...
INFO: [USF-XSim-69] 'elaborate' step finished in '4' seconds
INFO: [USF-XSim-4] XSim::Simulate design
INFO: [USF-XSim-61] Executing 'SIMULATE' step in 'E:/166 Lab/2_2/Lab2_2/Lab2_2.sim/sim_1/behav'
INFO: [USF-XSim-98] *** Running xsim
   with args "multiplier_tb_behav -key {Behavioral:sim_1:Functional:multiplier_tb} -tclbatch {multiplier_tb.tcl} -log {simulate.log}"
INFO: [USF-XSim-8] Loading simulator feature
Vivado Simulator 2017.2
Time resolution is 1 ps
source multiplier_tb.tcl
# set curr_wave [current_wave_config]
# if { [string length $curr_wave] == 0 } {
#   if { [llength [get_objects]] > 0} {
#     add_wave /
#     set_property needs_save false [current_wave_config]
#   } else {
#      send_msg_id Add_Wave-1 WARNING "No top level signals found. Simulator will start without a wave window. If you want to open a wave window go to 'File->New Waveform Configuration' or type 'create_wave_config' in the TCL console."
#   }
# }
# run 1000ns
INFO: [USF-XSim-96] XSim completed. Design snapshot 'multiplier_tb_behav' loaded.
INFO: [USF-XSim-97] XSim simulation ran for 1000ns
launch_simulation: Time (s): cpu = 00:00:01 ; elapsed = 00:00:10 . Memory (MB): peak = 868.867 ; gain = 0.000
close_sim
INFO: [Simtcl 6-16] Simulation closed
close_sim: Time (s): cpu = 00:00:01 ; elapsed = 00:00:05 . Memory (MB): peak = 868.867 ; gain = 0.000
reset_run synth_1
launch_runs synth_1 -jobs 2
[Wed Feb 21 13:50:51 2018] Launched synth_1...
Run output will be captured here: E:/166 Lab/2_2/Lab2_2/Lab2_2.runs/synth_1/runme.log
close_project
exit
INFO: [Common 17-206] Exiting Vivado at Wed Feb 21 14:00:55 2018...
