#-----------------------------------------------------------
# Vivado v2017.4 (64-bit)
# SW Build 2086221 on Fri Dec 15 20:55:39 MST 2017
# IP Build 2085800 on Fri Dec 15 22:25:07 MST 2017
# Start of session at: Mon Feb 26 12:32:43 2018
# Process ID: 14416
# Current directory: E:/166 Lab/2_2/Lab2_2
# Command line: vivado.exe -gui_launcher_event rodinguilauncherevent12636 E:\166 Lab\2_2\Lab2_2\Lab2_2.xpr
# Log file: E:/166 Lab/2_2/Lab2_2/vivado.log
# Journal file: E:/166 Lab/2_2/Lab2_2\vivado.jou
#-----------------------------------------------------------
start_gui
open_project {E:/166 Lab/2_2/Lab2_2/Lab2_2.xpr}
Scanning sources...
Finished scanning sources
INFO: [IP_Flow 19-234] Refreshing IP repositories
INFO: [IP_Flow 19-1704] No user IP repositories specified
INFO: [IP_Flow 19-2313] Loaded Vivado IP repository 'C:/Xilinx/Vivado/2017.4/data/ip'.
update_compile_order -fileset sources_1
launch_simulation
INFO: [Vivado 12-5682] Launching behavioral simulation in 'E:/166 Lab/2_2/Lab2_2/Lab2_2.sim/sim_1/behav/xsim'
INFO: [SIM-utils-51] Simulation object is 'sim_1'
INFO: [SIM-utils-54] Inspecting design source files for 'top_tb' in fileset 'sim_1'...
INFO: [USF-XSim-97] Finding global include files...
INFO: [USF-XSim-98] Fetching design files from 'sim_1'...
INFO: [USF-XSim-2] XSim::Compile design
INFO: [USF-XSim-61] Executing 'COMPILE and ANALYZE' step in 'E:/166 Lab/2_2/Lab2_2/Lab2_2.sim/sim_1/behav/xsim'
"xvlog --incr --relax -prj top_tb_vlog.prj"
INFO: [USF-XSim-69] 'compile' step finished in '1' seconds
INFO: [USF-XSim-3] XSim::Elaborate design
INFO: [USF-XSim-61] Executing 'ELABORATE' step in 'E:/166 Lab/2_2/Lab2_2/Lab2_2.sim/sim_1/behav/xsim'
Vivado Simulator 2017.4
Copyright 1986-1999, 2001-2016 Xilinx, Inc. All Rights Reserved.
Running: C:/Xilinx/Vivado/2017.4/bin/unwrapped/win64.o/xelab.exe -wto 41d621a2a11a44cab3370cfff6b0870d --incr --debug typical --relax --mt 2 -L xil_defaultlib -L unisims_ver -L unimacro_ver -L secureip --snapshot top_tb_behav xil_defaultlib.top_tb xil_defaultlib.glbl -log elaborate.log 
Using 2 slave threads.
Starting static elaboration
WARNING: [VRFC 10-278] actual bit length 32 differs from formal bit length 1 for port load [E:/166 Lab/2_2/multiplier.v:15]
Completed static elaboration
INFO: [XSIM 43-4323] No Change in HDL. Linking previously generated obj files to create kernel
INFO: [USF-XSim-69] 'elaborate' step finished in '2' seconds
INFO: [USF-XSim-4] XSim::Simulate design
INFO: [USF-XSim-61] Executing 'SIMULATE' step in 'E:/166 Lab/2_2/Lab2_2/Lab2_2.sim/sim_1/behav/xsim'
INFO: [USF-XSim-98] *** Running xsim
   with args "top_tb_behav -key {Behavioral:sim_1:Functional:top_tb} -tclbatch {top_tb.tcl} -log {simulate.log}"
INFO: [USF-XSim-8] Loading simulator feature
Vivado Simulator 2017.4
Time resolution is 1 ps
source top_tb.tcl
# set curr_wave [current_wave_config]
# if { [string length $curr_wave] == 0 } {
#   if { [llength [get_objects]] > 0} {
#     add_wave /
#     set_property needs_save false [current_wave_config]
#   } else {
#      send_msg_id Add_Wave-1 WARNING "No top level signals found. Simulator will start without a wave window. If you want to open a wave window go to 'File->New Waveform Configuration' or type 'create_wave_config' in the TCL console."
#   }
# }
# run 1000ns
INFO: [USF-XSim-96] XSim completed. Design snapshot 'top_tb_behav' loaded.
INFO: [USF-XSim-97] XSim simulation ran for 1000ns
launch_simulation: Time (s): cpu = 00:00:05 ; elapsed = 00:00:07 . Memory (MB): peak = 774.883 ; gain = 6.895
close_sim
INFO: [Simtcl 6-16] Simulation closed
launch_simulation
INFO: [Vivado 12-5682] Launching behavioral simulation in 'E:/166 Lab/2_2/Lab2_2/Lab2_2.sim/sim_1/behav/xsim'
INFO: [SIM-utils-51] Simulation object is 'sim_1'
INFO: [SIM-utils-54] Inspecting design source files for 'top_tb' in fileset 'sim_1'...
INFO: [USF-XSim-97] Finding global include files...
INFO: [USF-XSim-98] Fetching design files from 'sim_1'...
INFO: [USF-XSim-2] XSim::Compile design
INFO: [USF-XSim-61] Executing 'COMPILE and ANALYZE' step in 'E:/166 Lab/2_2/Lab2_2/Lab2_2.sim/sim_1/behav/xsim'
"xvlog --incr --relax -prj top_tb_vlog.prj"
INFO: [VRFC 10-2263] Analyzing Verilog file "E:/166 Lab/2_2/MUX2_1.v" into library xil_defaultlib
INFO: [VRFC 10-311] analyzing module MUX2_1
INFO: [VRFC 10-2263] Analyzing Verilog file "E:/166 Lab/2_2/adder.v" into library xil_defaultlib
INFO: [VRFC 10-311] analyzing module adder
INFO: [VRFC 10-2263] Analyzing Verilog file "E:/166 Lab/2_2/dffa.v" into library xil_defaultlib
INFO: [VRFC 10-311] analyzing module dffa
INFO: [VRFC 10-2263] Analyzing Verilog file "E:/166 Lab/2_2/dffb.v" into library xil_defaultlib
INFO: [VRFC 10-311] analyzing module dffb
INFO: [VRFC 10-2263] Analyzing Verilog file "E:/166 Lab/2_2/dffcarry.v" into library xil_defaultlib
INFO: [VRFC 10-311] analyzing module dffcarry
INFO: [VRFC 10-2263] Analyzing Verilog file "E:/166 Lab/2_2/multiplier.v" into library xil_defaultlib
INFO: [VRFC 10-311] analyzing module multiplier
INFO: [VRFC 10-2263] Analyzing Verilog file "E:/166 Lab/2_2/myfsm.v" into library xil_defaultlib
INFO: [VRFC 10-311] analyzing module myfsm
INFO: [VRFC 10-2263] Analyzing Verilog file "E:/166 Lab/2_2/ph.v" into library xil_defaultlib
INFO: [VRFC 10-311] analyzing module ph
INFO: [VRFC 10-2263] Analyzing Verilog file "E:/166 Lab/2_2/pl.v" into library xil_defaultlib
INFO: [VRFC 10-311] analyzing module pl
INFO: [VRFC 10-2263] Analyzing Verilog file "E:/166 Lab/2_2/top.v" into library xil_defaultlib
INFO: [VRFC 10-311] analyzing module top
INFO: [VRFC 10-2263] Analyzing Verilog file "E:/166 Lab/2_2/top_tb.v" into library xil_defaultlib
INFO: [VRFC 10-311] analyzing module top_tb
INFO: [USF-XSim-69] 'compile' step finished in '2' seconds
INFO: [USF-XSim-3] XSim::Elaborate design
INFO: [USF-XSim-61] Executing 'ELABORATE' step in 'E:/166 Lab/2_2/Lab2_2/Lab2_2.sim/sim_1/behav/xsim'
Vivado Simulator 2017.4
Copyright 1986-1999, 2001-2016 Xilinx, Inc. All Rights Reserved.
Running: C:/Xilinx/Vivado/2017.4/bin/unwrapped/win64.o/xelab.exe -wto 41d621a2a11a44cab3370cfff6b0870d --incr --debug typical --relax --mt 2 -L xil_defaultlib -L unisims_ver -L unimacro_ver -L secureip --snapshot top_tb_behav xil_defaultlib.top_tb xil_defaultlib.glbl -log elaborate.log 
Using 2 slave threads.
Starting static elaboration
WARNING: [VRFC 10-278] actual bit length 32 differs from formal bit length 1 for port load [E:/166 Lab/2_2/multiplier.v:15]
Completed static elaboration
Starting simulation data flow analysis
WARNING: [XSIM 43-4100] "E:/166 Lab/2_2/Lab2_2/Lab2_2.sim/sim_1/behav/xsim/glbl.v" Line 6. Module glbl has a timescale but at least one module in design doesn't have timescale.
Completed simulation data flow analysis
Time Resolution for simulation is 1ps
Compiling module xil_defaultlib.myfsm
Compiling module xil_defaultlib.ph
Compiling module xil_defaultlib.pl
Compiling module xil_defaultlib.dffa
Compiling module xil_defaultlib.dffb
Compiling module xil_defaultlib.dffcarry
Compiling module xil_defaultlib.MUX2_1
Compiling module xil_defaultlib.adder
Compiling module xil_defaultlib.multiplier
Compiling module xil_defaultlib.top
Compiling module xil_defaultlib.top_tb
Compiling module xil_defaultlib.glbl
Built simulation snapshot top_tb_behav
INFO: [USF-XSim-69] 'elaborate' step finished in '3' seconds
INFO: [USF-XSim-4] XSim::Simulate design
INFO: [USF-XSim-61] Executing 'SIMULATE' step in 'E:/166 Lab/2_2/Lab2_2/Lab2_2.sim/sim_1/behav/xsim'
INFO: [USF-XSim-98] *** Running xsim
   with args "top_tb_behav -key {Behavioral:sim_1:Functional:top_tb} -tclbatch {top_tb.tcl} -log {simulate.log}"
INFO: [USF-XSim-8] Loading simulator feature
Vivado Simulator 2017.4
Time resolution is 1 ps
source top_tb.tcl
# set curr_wave [current_wave_config]
# if { [string length $curr_wave] == 0 } {
#   if { [llength [get_objects]] > 0} {
#     add_wave /
#     set_property needs_save false [current_wave_config]
#   } else {
#      send_msg_id Add_Wave-1 WARNING "No top level signals found. Simulator will start without a wave window. If you want to open a wave window go to 'File->New Waveform Configuration' or type 'create_wave_config' in the TCL console."
#   }
# }
# run 1000ns
INFO: [USF-XSim-96] XSim completed. Design snapshot 'top_tb_behav' loaded.
INFO: [USF-XSim-97] XSim simulation ran for 1000ns
launch_simulation: Time (s): cpu = 00:00:02 ; elapsed = 00:00:07 . Memory (MB): peak = 809.559 ; gain = 0.000
close_sim
INFO: [Simtcl 6-16] Simulation closed
launch_simulation
INFO: [Vivado 12-5682] Launching behavioral simulation in 'E:/166 Lab/2_2/Lab2_2/Lab2_2.sim/sim_1/behav/xsim'
INFO: [SIM-utils-51] Simulation object is 'sim_1'
INFO: [SIM-utils-54] Inspecting design source files for 'top_tb' in fileset 'sim_1'...
INFO: [USF-XSim-97] Finding global include files...
INFO: [USF-XSim-98] Fetching design files from 'sim_1'...
INFO: [USF-XSim-2] XSim::Compile design
INFO: [USF-XSim-61] Executing 'COMPILE and ANALYZE' step in 'E:/166 Lab/2_2/Lab2_2/Lab2_2.sim/sim_1/behav/xsim'
"xvlog --incr --relax -prj top_tb_vlog.prj"
INFO: [VRFC 10-2263] Analyzing Verilog file "E:/166 Lab/2_2/MUX2_1.v" into library xil_defaultlib
INFO: [VRFC 10-311] analyzing module MUX2_1
INFO: [VRFC 10-2263] Analyzing Verilog file "E:/166 Lab/2_2/adder.v" into library xil_defaultlib
INFO: [VRFC 10-311] analyzing module adder
INFO: [VRFC 10-2263] Analyzing Verilog file "E:/166 Lab/2_2/dffa.v" into library xil_defaultlib
INFO: [VRFC 10-311] analyzing module dffa
INFO: [VRFC 10-2263] Analyzing Verilog file "E:/166 Lab/2_2/dffb.v" into library xil_defaultlib
INFO: [VRFC 10-311] analyzing module dffb
INFO: [VRFC 10-2263] Analyzing Verilog file "E:/166 Lab/2_2/dffcarry.v" into library xil_defaultlib
INFO: [VRFC 10-311] analyzing module dffcarry
INFO: [VRFC 10-2263] Analyzing Verilog file "E:/166 Lab/2_2/multiplier.v" into library xil_defaultlib
INFO: [VRFC 10-311] analyzing module multiplier
INFO: [VRFC 10-2263] Analyzing Verilog file "E:/166 Lab/2_2/myfsm.v" into library xil_defaultlib
INFO: [VRFC 10-311] analyzing module myfsm
INFO: [VRFC 10-2263] Analyzing Verilog file "E:/166 Lab/2_2/ph.v" into library xil_defaultlib
INFO: [VRFC 10-311] analyzing module ph
INFO: [VRFC 10-2263] Analyzing Verilog file "E:/166 Lab/2_2/pl.v" into library xil_defaultlib
INFO: [VRFC 10-311] analyzing module pl
INFO: [VRFC 10-2263] Analyzing Verilog file "E:/166 Lab/2_2/top.v" into library xil_defaultlib
INFO: [VRFC 10-311] analyzing module top
INFO: [VRFC 10-2263] Analyzing Verilog file "E:/166 Lab/2_2/top_tb.v" into library xil_defaultlib
INFO: [VRFC 10-311] analyzing module top_tb
INFO: [USF-XSim-69] 'compile' step finished in '1' seconds
INFO: [USF-XSim-3] XSim::Elaborate design
INFO: [USF-XSim-61] Executing 'ELABORATE' step in 'E:/166 Lab/2_2/Lab2_2/Lab2_2.sim/sim_1/behav/xsim'
Vivado Simulator 2017.4
Copyright 1986-1999, 2001-2016 Xilinx, Inc. All Rights Reserved.
Running: C:/Xilinx/Vivado/2017.4/bin/unwrapped/win64.o/xelab.exe -wto 41d621a2a11a44cab3370cfff6b0870d --incr --debug typical --relax --mt 2 -L xil_defaultlib -L unisims_ver -L unimacro_ver -L secureip --snapshot top_tb_behav xil_defaultlib.top_tb xil_defaultlib.glbl -log elaborate.log 
Using 2 slave threads.
Starting static elaboration
WARNING: [VRFC 10-278] actual bit length 32 differs from formal bit length 1 for port load [E:/166 Lab/2_2/multiplier.v:15]
Completed static elaboration
Starting simulation data flow analysis
WARNING: [XSIM 43-4100] "E:/166 Lab/2_2/Lab2_2/Lab2_2.sim/sim_1/behav/xsim/glbl.v" Line 6. Module glbl has a timescale but at least one module in design doesn't have timescale.
Completed simulation data flow analysis
Time Resolution for simulation is 1ps
Compiling module xil_defaultlib.myfsm
Compiling module xil_defaultlib.ph
Compiling module xil_defaultlib.pl
Compiling module xil_defaultlib.dffa
Compiling module xil_defaultlib.dffb
Compiling module xil_defaultlib.dffcarry
Compiling module xil_defaultlib.MUX2_1
Compiling module xil_defaultlib.adder
Compiling module xil_defaultlib.multiplier
Compiling module xil_defaultlib.top
Compiling module xil_defaultlib.top_tb
Compiling module xil_defaultlib.glbl
Built simulation snapshot top_tb_behav
INFO: [USF-XSim-69] 'elaborate' step finished in '3' seconds
INFO: [USF-XSim-4] XSim::Simulate design
INFO: [USF-XSim-61] Executing 'SIMULATE' step in 'E:/166 Lab/2_2/Lab2_2/Lab2_2.sim/sim_1/behav/xsim'
INFO: [USF-XSim-98] *** Running xsim
   with args "top_tb_behav -key {Behavioral:sim_1:Functional:top_tb} -tclbatch {top_tb.tcl} -log {simulate.log}"
INFO: [USF-XSim-8] Loading simulator feature
Vivado Simulator 2017.4
Time resolution is 1 ps
source top_tb.tcl
# set curr_wave [current_wave_config]
# if { [string length $curr_wave] == 0 } {
#   if { [llength [get_objects]] > 0} {
#     add_wave /
#     set_property needs_save false [current_wave_config]
#   } else {
#      send_msg_id Add_Wave-1 WARNING "No top level signals found. Simulator will start without a wave window. If you want to open a wave window go to 'File->New Waveform Configuration' or type 'create_wave_config' in the TCL console."
#   }
# }
# run 1000ns
INFO: [USF-XSim-96] XSim completed. Design snapshot 'top_tb_behav' loaded.
INFO: [USF-XSim-97] XSim simulation ran for 1000ns
launch_simulation: Time (s): cpu = 00:00:02 ; elapsed = 00:00:07 . Memory (MB): peak = 809.559 ; gain = 0.000
close_sim
INFO: [Simtcl 6-16] Simulation closed
launch_simulation
INFO: [Vivado 12-5682] Launching behavioral simulation in 'E:/166 Lab/2_2/Lab2_2/Lab2_2.sim/sim_1/behav/xsim'
INFO: [SIM-utils-51] Simulation object is 'sim_1'
INFO: [SIM-utils-54] Inspecting design source files for 'top_tb' in fileset 'sim_1'...
INFO: [USF-XSim-97] Finding global include files...
INFO: [USF-XSim-98] Fetching design files from 'sim_1'...
INFO: [USF-XSim-2] XSim::Compile design
INFO: [USF-XSim-61] Executing 'COMPILE and ANALYZE' step in 'E:/166 Lab/2_2/Lab2_2/Lab2_2.sim/sim_1/behav/xsim'
"xvlog --incr --relax -prj top_tb_vlog.prj"
INFO: [VRFC 10-2263] Analyzing Verilog file "E:/166 Lab/2_2/MUX2_1.v" into library xil_defaultlib
INFO: [VRFC 10-311] analyzing module MUX2_1
INFO: [VRFC 10-2263] Analyzing Verilog file "E:/166 Lab/2_2/adder.v" into library xil_defaultlib
INFO: [VRFC 10-311] analyzing module adder
INFO: [VRFC 10-2263] Analyzing Verilog file "E:/166 Lab/2_2/dffa.v" into library xil_defaultlib
INFO: [VRFC 10-311] analyzing module dffa
INFO: [VRFC 10-2263] Analyzing Verilog file "E:/166 Lab/2_2/dffb.v" into library xil_defaultlib
INFO: [VRFC 10-311] analyzing module dffb
INFO: [VRFC 10-2263] Analyzing Verilog file "E:/166 Lab/2_2/dffcarry.v" into library xil_defaultlib
INFO: [VRFC 10-311] analyzing module dffcarry
INFO: [VRFC 10-2263] Analyzing Verilog file "E:/166 Lab/2_2/multiplier.v" into library xil_defaultlib
INFO: [VRFC 10-311] analyzing module multiplier
INFO: [VRFC 10-2263] Analyzing Verilog file "E:/166 Lab/2_2/myfsm.v" into library xil_defaultlib
INFO: [VRFC 10-311] analyzing module myfsm
INFO: [VRFC 10-2263] Analyzing Verilog file "E:/166 Lab/2_2/ph.v" into library xil_defaultlib
INFO: [VRFC 10-311] analyzing module ph
INFO: [VRFC 10-2263] Analyzing Verilog file "E:/166 Lab/2_2/pl.v" into library xil_defaultlib
INFO: [VRFC 10-311] analyzing module pl
INFO: [VRFC 10-2263] Analyzing Verilog file "E:/166 Lab/2_2/top.v" into library xil_defaultlib
INFO: [VRFC 10-311] analyzing module top
INFO: [VRFC 10-2263] Analyzing Verilog file "E:/166 Lab/2_2/top_tb.v" into library xil_defaultlib
INFO: [VRFC 10-311] analyzing module top_tb
INFO: [USF-XSim-69] 'compile' step finished in '1' seconds
INFO: [USF-XSim-3] XSim::Elaborate design
INFO: [USF-XSim-61] Executing 'ELABORATE' step in 'E:/166 Lab/2_2/Lab2_2/Lab2_2.sim/sim_1/behav/xsim'
Vivado Simulator 2017.4
Copyright 1986-1999, 2001-2016 Xilinx, Inc. All Rights Reserved.
Running: C:/Xilinx/Vivado/2017.4/bin/unwrapped/win64.o/xelab.exe -wto 41d621a2a11a44cab3370cfff6b0870d --incr --debug typical --relax --mt 2 -L xil_defaultlib -L unisims_ver -L unimacro_ver -L secureip --snapshot top_tb_behav xil_defaultlib.top_tb xil_defaultlib.glbl -log elaborate.log 
Using 2 slave threads.
Starting static elaboration
WARNING: [VRFC 10-278] actual bit length 32 differs from formal bit length 1 for port load [E:/166 Lab/2_2/multiplier.v:15]
Completed static elaboration
Starting simulation data flow analysis
WARNING: [XSIM 43-4100] "E:/166 Lab/2_2/Lab2_2/Lab2_2.sim/sim_1/behav/xsim/glbl.v" Line 6. Module glbl has a timescale but at least one module in design doesn't have timescale.
Completed simulation data flow analysis
Time Resolution for simulation is 1ps
Compiling module xil_defaultlib.myfsm
Compiling module xil_defaultlib.ph
Compiling module xil_defaultlib.pl
Compiling module xil_defaultlib.dffa
Compiling module xil_defaultlib.dffb
Compiling module xil_defaultlib.dffcarry
Compiling module xil_defaultlib.MUX2_1
Compiling module xil_defaultlib.adder
Compiling module xil_defaultlib.multiplier
Compiling module xil_defaultlib.top
Compiling module xil_defaultlib.top_tb
Compiling module xil_defaultlib.glbl
Built simulation snapshot top_tb_behav
INFO: [USF-XSim-69] 'elaborate' step finished in '3' seconds
INFO: [USF-XSim-4] XSim::Simulate design
INFO: [USF-XSim-61] Executing 'SIMULATE' step in 'E:/166 Lab/2_2/Lab2_2/Lab2_2.sim/sim_1/behav/xsim'
INFO: [USF-XSim-98] *** Running xsim
   with args "top_tb_behav -key {Behavioral:sim_1:Functional:top_tb} -tclbatch {top_tb.tcl} -log {simulate.log}"
INFO: [USF-XSim-8] Loading simulator feature
Vivado Simulator 2017.4
Time resolution is 1 ps
source top_tb.tcl
# set curr_wave [current_wave_config]
# if { [string length $curr_wave] == 0 } {
#   if { [llength [get_objects]] > 0} {
#     add_wave /
#     set_property needs_save false [current_wave_config]
#   } else {
#      send_msg_id Add_Wave-1 WARNING "No top level signals found. Simulator will start without a wave window. If you want to open a wave window go to 'File->New Waveform Configuration' or type 'create_wave_config' in the TCL console."
#   }
# }
# run 1000ns
INFO: [USF-XSim-96] XSim completed. Design snapshot 'top_tb_behav' loaded.
INFO: [USF-XSim-97] XSim simulation ran for 1000ns
launch_simulation: Time (s): cpu = 00:00:02 ; elapsed = 00:00:09 . Memory (MB): peak = 809.559 ; gain = 0.000
close_sim
INFO: [Simtcl 6-16] Simulation closed
launch_simulation
INFO: [Vivado 12-5682] Launching behavioral simulation in 'E:/166 Lab/2_2/Lab2_2/Lab2_2.sim/sim_1/behav/xsim'
INFO: [SIM-utils-51] Simulation object is 'sim_1'
INFO: [SIM-utils-54] Inspecting design source files for 'top_tb' in fileset 'sim_1'...
INFO: [USF-XSim-97] Finding global include files...
INFO: [USF-XSim-98] Fetching design files from 'sim_1'...
INFO: [USF-XSim-2] XSim::Compile design
INFO: [USF-XSim-61] Executing 'COMPILE and ANALYZE' step in 'E:/166 Lab/2_2/Lab2_2/Lab2_2.sim/sim_1/behav/xsim'
"xvlog --incr --relax -prj top_tb_vlog.prj"
INFO: [VRFC 10-2263] Analyzing Verilog file "E:/166 Lab/2_2/MUX2_1.v" into library xil_defaultlib
INFO: [VRFC 10-311] analyzing module MUX2_1
INFO: [VRFC 10-2263] Analyzing Verilog file "E:/166 Lab/2_2/adder.v" into library xil_defaultlib
INFO: [VRFC 10-311] analyzing module adder
INFO: [VRFC 10-2263] Analyzing Verilog file "E:/166 Lab/2_2/dffa.v" into library xil_defaultlib
INFO: [VRFC 10-311] analyzing module dffa
INFO: [VRFC 10-2263] Analyzing Verilog file "E:/166 Lab/2_2/dffb.v" into library xil_defaultlib
INFO: [VRFC 10-311] analyzing module dffb
INFO: [VRFC 10-2263] Analyzing Verilog file "E:/166 Lab/2_2/dffcarry.v" into library xil_defaultlib
INFO: [VRFC 10-311] analyzing module dffcarry
INFO: [VRFC 10-2263] Analyzing Verilog file "E:/166 Lab/2_2/multiplier.v" into library xil_defaultlib
INFO: [VRFC 10-311] analyzing module multiplier
INFO: [VRFC 10-2263] Analyzing Verilog file "E:/166 Lab/2_2/myfsm.v" into library xil_defaultlib
INFO: [VRFC 10-311] analyzing module myfsm
INFO: [VRFC 10-2263] Analyzing Verilog file "E:/166 Lab/2_2/ph.v" into library xil_defaultlib
INFO: [VRFC 10-311] analyzing module ph
INFO: [VRFC 10-2263] Analyzing Verilog file "E:/166 Lab/2_2/pl.v" into library xil_defaultlib
INFO: [VRFC 10-311] analyzing module pl
INFO: [VRFC 10-2263] Analyzing Verilog file "E:/166 Lab/2_2/top.v" into library xil_defaultlib
INFO: [VRFC 10-311] analyzing module top
INFO: [VRFC 10-2263] Analyzing Verilog file "E:/166 Lab/2_2/top_tb.v" into library xil_defaultlib
INFO: [VRFC 10-311] analyzing module top_tb
INFO: [USF-XSim-69] 'compile' step finished in '2' seconds
INFO: [USF-XSim-3] XSim::Elaborate design
INFO: [USF-XSim-61] Executing 'ELABORATE' step in 'E:/166 Lab/2_2/Lab2_2/Lab2_2.sim/sim_1/behav/xsim'
Vivado Simulator 2017.4
Copyright 1986-1999, 2001-2016 Xilinx, Inc. All Rights Reserved.
Running: C:/Xilinx/Vivado/2017.4/bin/unwrapped/win64.o/xelab.exe -wto 41d621a2a11a44cab3370cfff6b0870d --incr --debug typical --relax --mt 2 -L xil_defaultlib -L unisims_ver -L unimacro_ver -L secureip --snapshot top_tb_behav xil_defaultlib.top_tb xil_defaultlib.glbl -log elaborate.log 
Using 2 slave threads.
Starting static elaboration
WARNING: [VRFC 10-278] actual bit length 32 differs from formal bit length 1 for port load [E:/166 Lab/2_2/multiplier.v:15]
Completed static elaboration
Starting simulation data flow analysis
WARNING: [XSIM 43-4100] "E:/166 Lab/2_2/Lab2_2/Lab2_2.sim/sim_1/behav/xsim/glbl.v" Line 6. Module glbl has a timescale but at least one module in design doesn't have timescale.
Completed simulation data flow analysis
Time Resolution for simulation is 1ps
Compiling module xil_defaultlib.myfsm
Compiling module xil_defaultlib.ph
Compiling module xil_defaultlib.pl
Compiling module xil_defaultlib.dffa
Compiling module xil_defaultlib.dffb
Compiling module xil_defaultlib.dffcarry
Compiling module xil_defaultlib.MUX2_1
Compiling module xil_defaultlib.adder
Compiling module xil_defaultlib.multiplier
Compiling module xil_defaultlib.top
Compiling module xil_defaultlib.top_tb
Compiling module xil_defaultlib.glbl
Built simulation snapshot top_tb_behav
INFO: [USF-XSim-69] 'elaborate' step finished in '2' seconds
INFO: [USF-XSim-4] XSim::Simulate design
INFO: [USF-XSim-61] Executing 'SIMULATE' step in 'E:/166 Lab/2_2/Lab2_2/Lab2_2.sim/sim_1/behav/xsim'
INFO: [USF-XSim-98] *** Running xsim
   with args "top_tb_behav -key {Behavioral:sim_1:Functional:top_tb} -tclbatch {top_tb.tcl} -log {simulate.log}"
INFO: [USF-XSim-8] Loading simulator feature
Vivado Simulator 2017.4
Time resolution is 1 ps
source top_tb.tcl
# set curr_wave [current_wave_config]
# if { [string length $curr_wave] == 0 } {
#   if { [llength [get_objects]] > 0} {
#     add_wave /
#     set_property needs_save false [current_wave_config]
#   } else {
#      send_msg_id Add_Wave-1 WARNING "No top level signals found. Simulator will start without a wave window. If you want to open a wave window go to 'File->New Waveform Configuration' or type 'create_wave_config' in the TCL console."
#   }
# }
# run 1000ns
INFO: [USF-XSim-96] XSim completed. Design snapshot 'top_tb_behav' loaded.
INFO: [USF-XSim-97] XSim simulation ran for 1000ns
launch_simulation: Time (s): cpu = 00:00:01 ; elapsed = 00:00:07 . Memory (MB): peak = 809.559 ; gain = 0.000
close_sim
INFO: [Simtcl 6-16] Simulation closed
launch_simulation
INFO: [Vivado 12-5682] Launching behavioral simulation in 'E:/166 Lab/2_2/Lab2_2/Lab2_2.sim/sim_1/behav/xsim'
INFO: [SIM-utils-51] Simulation object is 'sim_1'
INFO: [SIM-utils-54] Inspecting design source files for 'top_tb' in fileset 'sim_1'...
INFO: [USF-XSim-97] Finding global include files...
INFO: [USF-XSim-98] Fetching design files from 'sim_1'...
INFO: [USF-XSim-2] XSim::Compile design
INFO: [USF-XSim-61] Executing 'COMPILE and ANALYZE' step in 'E:/166 Lab/2_2/Lab2_2/Lab2_2.sim/sim_1/behav/xsim'
"xvlog --incr --relax -prj top_tb_vlog.prj"
INFO: [VRFC 10-2263] Analyzing Verilog file "E:/166 Lab/2_2/MUX2_1.v" into library xil_defaultlib
INFO: [VRFC 10-311] analyzing module MUX2_1
INFO: [VRFC 10-2263] Analyzing Verilog file "E:/166 Lab/2_2/adder.v" into library xil_defaultlib
INFO: [VRFC 10-311] analyzing module adder
INFO: [VRFC 10-2263] Analyzing Verilog file "E:/166 Lab/2_2/dffa.v" into library xil_defaultlib
INFO: [VRFC 10-311] analyzing module dffa
INFO: [VRFC 10-2263] Analyzing Verilog file "E:/166 Lab/2_2/dffb.v" into library xil_defaultlib
INFO: [VRFC 10-311] analyzing module dffb
INFO: [VRFC 10-2263] Analyzing Verilog file "E:/166 Lab/2_2/dffcarry.v" into library xil_defaultlib
INFO: [VRFC 10-311] analyzing module dffcarry
INFO: [VRFC 10-2263] Analyzing Verilog file "E:/166 Lab/2_2/multiplier.v" into library xil_defaultlib
INFO: [VRFC 10-311] analyzing module multiplier
INFO: [VRFC 10-2263] Analyzing Verilog file "E:/166 Lab/2_2/myfsm.v" into library xil_defaultlib
INFO: [VRFC 10-311] analyzing module myfsm
INFO: [VRFC 10-2263] Analyzing Verilog file "E:/166 Lab/2_2/ph.v" into library xil_defaultlib
INFO: [VRFC 10-311] analyzing module ph
INFO: [VRFC 10-2263] Analyzing Verilog file "E:/166 Lab/2_2/pl.v" into library xil_defaultlib
INFO: [VRFC 10-311] analyzing module pl
INFO: [VRFC 10-2263] Analyzing Verilog file "E:/166 Lab/2_2/top.v" into library xil_defaultlib
INFO: [VRFC 10-311] analyzing module top
INFO: [VRFC 10-2263] Analyzing Verilog file "E:/166 Lab/2_2/top_tb.v" into library xil_defaultlib
INFO: [VRFC 10-311] analyzing module top_tb
INFO: [USF-XSim-69] 'compile' step finished in '2' seconds
INFO: [USF-XSim-3] XSim::Elaborate design
INFO: [USF-XSim-61] Executing 'ELABORATE' step in 'E:/166 Lab/2_2/Lab2_2/Lab2_2.sim/sim_1/behav/xsim'
Vivado Simulator 2017.4
Copyright 1986-1999, 2001-2016 Xilinx, Inc. All Rights Reserved.
Running: C:/Xilinx/Vivado/2017.4/bin/unwrapped/win64.o/xelab.exe -wto 41d621a2a11a44cab3370cfff6b0870d --incr --debug typical --relax --mt 2 -L xil_defaultlib -L unisims_ver -L unimacro_ver -L secureip --snapshot top_tb_behav xil_defaultlib.top_tb xil_defaultlib.glbl -log elaborate.log 
Using 2 slave threads.
Starting static elaboration
WARNING: [VRFC 10-278] actual bit length 32 differs from formal bit length 1 for port load [E:/166 Lab/2_2/multiplier.v:15]
Completed static elaboration
Starting simulation data flow analysis
WARNING: [XSIM 43-4100] "E:/166 Lab/2_2/Lab2_2/Lab2_2.sim/sim_1/behav/xsim/glbl.v" Line 6. Module glbl has a timescale but at least one module in design doesn't have timescale.
Completed simulation data flow analysis
Time Resolution for simulation is 1ps
Compiling module xil_defaultlib.myfsm
Compiling module xil_defaultlib.ph
Compiling module xil_defaultlib.pl
Compiling module xil_defaultlib.dffa
Compiling module xil_defaultlib.dffb
Compiling module xil_defaultlib.dffcarry
Compiling module xil_defaultlib.MUX2_1
Compiling module xil_defaultlib.adder
Compiling module xil_defaultlib.multiplier
Compiling module xil_defaultlib.top
Compiling module xil_defaultlib.top_tb
Compiling module xil_defaultlib.glbl
Built simulation snapshot top_tb_behav
INFO: [USF-XSim-69] 'elaborate' step finished in '2' seconds
INFO: [USF-XSim-4] XSim::Simulate design
INFO: [USF-XSim-61] Executing 'SIMULATE' step in 'E:/166 Lab/2_2/Lab2_2/Lab2_2.sim/sim_1/behav/xsim'
INFO: [USF-XSim-98] *** Running xsim
   with args "top_tb_behav -key {Behavioral:sim_1:Functional:top_tb} -tclbatch {top_tb.tcl} -log {simulate.log}"
INFO: [USF-XSim-8] Loading simulator feature
Vivado Simulator 2017.4
Time resolution is 1 ps
source top_tb.tcl
# set curr_wave [current_wave_config]
# if { [string length $curr_wave] == 0 } {
#   if { [llength [get_objects]] > 0} {
#     add_wave /
#     set_property needs_save false [current_wave_config]
#   } else {
#      send_msg_id Add_Wave-1 WARNING "No top level signals found. Simulator will start without a wave window. If you want to open a wave window go to 'File->New Waveform Configuration' or type 'create_wave_config' in the TCL console."
#   }
# }
# run 1000ns
INFO: [USF-XSim-96] XSim completed. Design snapshot 'top_tb_behav' loaded.
INFO: [USF-XSim-97] XSim simulation ran for 1000ns
launch_simulation: Time (s): cpu = 00:00:01 ; elapsed = 00:00:07 . Memory (MB): peak = 812.211 ; gain = 0.000
close_sim
INFO: [Simtcl 6-16] Simulation closed
launch_simulation
INFO: [Vivado 12-5682] Launching behavioral simulation in 'E:/166 Lab/2_2/Lab2_2/Lab2_2.sim/sim_1/behav/xsim'
INFO: [SIM-utils-51] Simulation object is 'sim_1'
INFO: [SIM-utils-54] Inspecting design source files for 'top_tb' in fileset 'sim_1'...
INFO: [USF-XSim-97] Finding global include files...
INFO: [USF-XSim-98] Fetching design files from 'sim_1'...
INFO: [USF-XSim-2] XSim::Compile design
INFO: [USF-XSim-61] Executing 'COMPILE and ANALYZE' step in 'E:/166 Lab/2_2/Lab2_2/Lab2_2.sim/sim_1/behav/xsim'
"xvlog --incr --relax -prj top_tb_vlog.prj"
INFO: [VRFC 10-2263] Analyzing Verilog file "E:/166 Lab/2_2/MUX2_1.v" into library xil_defaultlib
INFO: [VRFC 10-311] analyzing module MUX2_1
INFO: [VRFC 10-2263] Analyzing Verilog file "E:/166 Lab/2_2/adder.v" into library xil_defaultlib
INFO: [VRFC 10-311] analyzing module adder
INFO: [VRFC 10-2263] Analyzing Verilog file "E:/166 Lab/2_2/dffa.v" into library xil_defaultlib
INFO: [VRFC 10-311] analyzing module dffa
INFO: [VRFC 10-2263] Analyzing Verilog file "E:/166 Lab/2_2/dffb.v" into library xil_defaultlib
INFO: [VRFC 10-311] analyzing module dffb
INFO: [VRFC 10-2263] Analyzing Verilog file "E:/166 Lab/2_2/dffcarry.v" into library xil_defaultlib
INFO: [VRFC 10-311] analyzing module dffcarry
INFO: [VRFC 10-2263] Analyzing Verilog file "E:/166 Lab/2_2/multiplier.v" into library xil_defaultlib
INFO: [VRFC 10-311] analyzing module multiplier
INFO: [VRFC 10-2263] Analyzing Verilog file "E:/166 Lab/2_2/myfsm.v" into library xil_defaultlib
INFO: [VRFC 10-311] analyzing module myfsm
INFO: [VRFC 10-2263] Analyzing Verilog file "E:/166 Lab/2_2/ph.v" into library xil_defaultlib
INFO: [VRFC 10-311] analyzing module ph
INFO: [VRFC 10-2263] Analyzing Verilog file "E:/166 Lab/2_2/pl.v" into library xil_defaultlib
INFO: [VRFC 10-311] analyzing module pl
INFO: [VRFC 10-2263] Analyzing Verilog file "E:/166 Lab/2_2/top.v" into library xil_defaultlib
INFO: [VRFC 10-311] analyzing module top
INFO: [VRFC 10-2263] Analyzing Verilog file "E:/166 Lab/2_2/top_tb.v" into library xil_defaultlib
INFO: [VRFC 10-311] analyzing module top_tb
INFO: [USF-XSim-69] 'compile' step finished in '2' seconds
INFO: [USF-XSim-3] XSim::Elaborate design
INFO: [USF-XSim-61] Executing 'ELABORATE' step in 'E:/166 Lab/2_2/Lab2_2/Lab2_2.sim/sim_1/behav/xsim'
Vivado Simulator 2017.4
Copyright 1986-1999, 2001-2016 Xilinx, Inc. All Rights Reserved.
Running: C:/Xilinx/Vivado/2017.4/bin/unwrapped/win64.o/xelab.exe -wto 41d621a2a11a44cab3370cfff6b0870d --incr --debug typical --relax --mt 2 -L xil_defaultlib -L unisims_ver -L unimacro_ver -L secureip --snapshot top_tb_behav xil_defaultlib.top_tb xil_defaultlib.glbl -log elaborate.log 
Using 2 slave threads.
Starting static elaboration
WARNING: [VRFC 10-278] actual bit length 32 differs from formal bit length 1 for port load [E:/166 Lab/2_2/multiplier.v:15]
Completed static elaboration
Starting simulation data flow analysis
WARNING: [XSIM 43-4100] "E:/166 Lab/2_2/Lab2_2/Lab2_2.sim/sim_1/behav/xsim/glbl.v" Line 6. Module glbl has a timescale but at least one module in design doesn't have timescale.
Completed simulation data flow analysis
Time Resolution for simulation is 1ps
Compiling module xil_defaultlib.myfsm
Compiling module xil_defaultlib.ph
Compiling module xil_defaultlib.pl
Compiling module xil_defaultlib.dffa
Compiling module xil_defaultlib.dffb
Compiling module xil_defaultlib.dffcarry
Compiling module xil_defaultlib.MUX2_1
Compiling module xil_defaultlib.adder
Compiling module xil_defaultlib.multiplier
Compiling module xil_defaultlib.top
Compiling module xil_defaultlib.top_tb
Compiling module xil_defaultlib.glbl
Built simulation snapshot top_tb_behav
INFO: [USF-XSim-69] 'elaborate' step finished in '2' seconds
INFO: [USF-XSim-4] XSim::Simulate design
INFO: [USF-XSim-61] Executing 'SIMULATE' step in 'E:/166 Lab/2_2/Lab2_2/Lab2_2.sim/sim_1/behav/xsim'
INFO: [USF-XSim-98] *** Running xsim
   with args "top_tb_behav -key {Behavioral:sim_1:Functional:top_tb} -tclbatch {top_tb.tcl} -log {simulate.log}"
INFO: [USF-XSim-8] Loading simulator feature
Vivado Simulator 2017.4
Time resolution is 1 ps
source top_tb.tcl
# set curr_wave [current_wave_config]
# if { [string length $curr_wave] == 0 } {
#   if { [llength [get_objects]] > 0} {
#     add_wave /
#     set_property needs_save false [current_wave_config]
#   } else {
#      send_msg_id Add_Wave-1 WARNING "No top level signals found. Simulator will start without a wave window. If you want to open a wave window go to 'File->New Waveform Configuration' or type 'create_wave_config' in the TCL console."
#   }
# }
# run 1000ns
INFO: [USF-XSim-96] XSim completed. Design snapshot 'top_tb_behav' loaded.
INFO: [USF-XSim-97] XSim simulation ran for 1000ns
launch_simulation: Time (s): cpu = 00:00:02 ; elapsed = 00:00:07 . Memory (MB): peak = 816.711 ; gain = 0.000
close_sim
INFO: [Simtcl 6-16] Simulation closed
launch_simulation
INFO: [Vivado 12-5682] Launching behavioral simulation in 'E:/166 Lab/2_2/Lab2_2/Lab2_2.sim/sim_1/behav/xsim'
INFO: [SIM-utils-51] Simulation object is 'sim_1'
INFO: [SIM-utils-54] Inspecting design source files for 'top_tb' in fileset 'sim_1'...
INFO: [USF-XSim-97] Finding global include files...
INFO: [USF-XSim-98] Fetching design files from 'sim_1'...
INFO: [USF-XSim-2] XSim::Compile design
INFO: [USF-XSim-61] Executing 'COMPILE and ANALYZE' step in 'E:/166 Lab/2_2/Lab2_2/Lab2_2.sim/sim_1/behav/xsim'
"xvlog --incr --relax -prj top_tb_vlog.prj"
INFO: [VRFC 10-2263] Analyzing Verilog file "E:/166 Lab/2_2/MUX2_1.v" into library xil_defaultlib
INFO: [VRFC 10-311] analyzing module MUX2_1
INFO: [VRFC 10-2263] Analyzing Verilog file "E:/166 Lab/2_2/adder.v" into library xil_defaultlib
INFO: [VRFC 10-311] analyzing module adder
INFO: [VRFC 10-2263] Analyzing Verilog file "E:/166 Lab/2_2/dffa.v" into library xil_defaultlib
INFO: [VRFC 10-311] analyzing module dffa
INFO: [VRFC 10-2263] Analyzing Verilog file "E:/166 Lab/2_2/dffb.v" into library xil_defaultlib
INFO: [VRFC 10-311] analyzing module dffb
INFO: [VRFC 10-2263] Analyzing Verilog file "E:/166 Lab/2_2/dffcarry.v" into library xil_defaultlib
INFO: [VRFC 10-311] analyzing module dffcarry
INFO: [VRFC 10-2263] Analyzing Verilog file "E:/166 Lab/2_2/multiplier.v" into library xil_defaultlib
INFO: [VRFC 10-311] analyzing module multiplier
INFO: [VRFC 10-2263] Analyzing Verilog file "E:/166 Lab/2_2/myfsm.v" into library xil_defaultlib
INFO: [VRFC 10-311] analyzing module myfsm
INFO: [VRFC 10-2263] Analyzing Verilog file "E:/166 Lab/2_2/ph.v" into library xil_defaultlib
INFO: [VRFC 10-311] analyzing module ph
INFO: [VRFC 10-2263] Analyzing Verilog file "E:/166 Lab/2_2/pl.v" into library xil_defaultlib
INFO: [VRFC 10-311] analyzing module pl
INFO: [VRFC 10-2263] Analyzing Verilog file "E:/166 Lab/2_2/top.v" into library xil_defaultlib
INFO: [VRFC 10-311] analyzing module top
INFO: [VRFC 10-2263] Analyzing Verilog file "E:/166 Lab/2_2/top_tb.v" into library xil_defaultlib
INFO: [VRFC 10-311] analyzing module top_tb
INFO: [USF-XSim-69] 'compile' step finished in '2' seconds
INFO: [USF-XSim-3] XSim::Elaborate design
INFO: [USF-XSim-61] Executing 'ELABORATE' step in 'E:/166 Lab/2_2/Lab2_2/Lab2_2.sim/sim_1/behav/xsim'
Vivado Simulator 2017.4
Copyright 1986-1999, 2001-2016 Xilinx, Inc. All Rights Reserved.
Running: C:/Xilinx/Vivado/2017.4/bin/unwrapped/win64.o/xelab.exe -wto 41d621a2a11a44cab3370cfff6b0870d --incr --debug typical --relax --mt 2 -L xil_defaultlib -L unisims_ver -L unimacro_ver -L secureip --snapshot top_tb_behav xil_defaultlib.top_tb xil_defaultlib.glbl -log elaborate.log 
Using 2 slave threads.
Starting static elaboration
WARNING: [VRFC 10-278] actual bit length 32 differs from formal bit length 1 for port load [E:/166 Lab/2_2/multiplier.v:15]
Completed static elaboration
Starting simulation data flow analysis
WARNING: [XSIM 43-4100] "E:/166 Lab/2_2/Lab2_2/Lab2_2.sim/sim_1/behav/xsim/glbl.v" Line 6. Module glbl has a timescale but at least one module in design doesn't have timescale.
Completed simulation data flow analysis
Time Resolution for simulation is 1ps
Compiling module xil_defaultlib.myfsm
Compiling module xil_defaultlib.ph
Compiling module xil_defaultlib.pl
Compiling module xil_defaultlib.dffa
Compiling module xil_defaultlib.dffb
Compiling module xil_defaultlib.dffcarry
Compiling module xil_defaultlib.MUX2_1
Compiling module xil_defaultlib.adder
Compiling module xil_defaultlib.multiplier
Compiling module xil_defaultlib.top
Compiling module xil_defaultlib.top_tb
Compiling module xil_defaultlib.glbl
Built simulation snapshot top_tb_behav
INFO: [USF-XSim-69] 'elaborate' step finished in '2' seconds
INFO: [USF-XSim-4] XSim::Simulate design
INFO: [USF-XSim-61] Executing 'SIMULATE' step in 'E:/166 Lab/2_2/Lab2_2/Lab2_2.sim/sim_1/behav/xsim'
INFO: [USF-XSim-98] *** Running xsim
   with args "top_tb_behav -key {Behavioral:sim_1:Functional:top_tb} -tclbatch {top_tb.tcl} -log {simulate.log}"
INFO: [USF-XSim-8] Loading simulator feature
Vivado Simulator 2017.4
Time resolution is 1 ps
source top_tb.tcl
# set curr_wave [current_wave_config]
# if { [string length $curr_wave] == 0 } {
#   if { [llength [get_objects]] > 0} {
#     add_wave /
#     set_property needs_save false [current_wave_config]
#   } else {
#      send_msg_id Add_Wave-1 WARNING "No top level signals found. Simulator will start without a wave window. If you want to open a wave window go to 'File->New Waveform Configuration' or type 'create_wave_config' in the TCL console."
#   }
# }
# run 1000ns
INFO: [USF-XSim-96] XSim completed. Design snapshot 'top_tb_behav' loaded.
INFO: [USF-XSim-97] XSim simulation ran for 1000ns
launch_simulation: Time (s): cpu = 00:00:02 ; elapsed = 00:00:07 . Memory (MB): peak = 816.711 ; gain = 0.000
set_property -name {xsim.simulate.runtime} -value {2000ns} -objects [get_filesets sim_1]
close_sim
INFO: [Simtcl 6-16] Simulation closed
launch_simulation
INFO: [Vivado 12-5682] Launching behavioral simulation in 'E:/166 Lab/2_2/Lab2_2/Lab2_2.sim/sim_1/behav/xsim'
INFO: [SIM-utils-51] Simulation object is 'sim_1'
INFO: [SIM-utils-54] Inspecting design source files for 'top_tb' in fileset 'sim_1'...
INFO: [USF-XSim-97] Finding global include files...
INFO: [USF-XSim-98] Fetching design files from 'sim_1'...
INFO: [USF-XSim-2] XSim::Compile design
INFO: [USF-XSim-61] Executing 'COMPILE and ANALYZE' step in 'E:/166 Lab/2_2/Lab2_2/Lab2_2.sim/sim_1/behav/xsim'
"xvlog --incr --relax -prj top_tb_vlog.prj"
INFO: [VRFC 10-2263] Analyzing Verilog file "E:/166 Lab/2_2/MUX2_1.v" into library xil_defaultlib
INFO: [VRFC 10-311] analyzing module MUX2_1
INFO: [VRFC 10-2263] Analyzing Verilog file "E:/166 Lab/2_2/adder.v" into library xil_defaultlib
INFO: [VRFC 10-311] analyzing module adder
INFO: [VRFC 10-2263] Analyzing Verilog file "E:/166 Lab/2_2/dffa.v" into library xil_defaultlib
INFO: [VRFC 10-311] analyzing module dffa
INFO: [VRFC 10-2263] Analyzing Verilog file "E:/166 Lab/2_2/dffb.v" into library xil_defaultlib
INFO: [VRFC 10-311] analyzing module dffb
INFO: [VRFC 10-2263] Analyzing Verilog file "E:/166 Lab/2_2/dffcarry.v" into library xil_defaultlib
INFO: [VRFC 10-311] analyzing module dffcarry
INFO: [VRFC 10-2263] Analyzing Verilog file "E:/166 Lab/2_2/multiplier.v" into library xil_defaultlib
INFO: [VRFC 10-311] analyzing module multiplier
INFO: [VRFC 10-2263] Analyzing Verilog file "E:/166 Lab/2_2/myfsm.v" into library xil_defaultlib
INFO: [VRFC 10-311] analyzing module myfsm
INFO: [VRFC 10-2263] Analyzing Verilog file "E:/166 Lab/2_2/ph.v" into library xil_defaultlib
INFO: [VRFC 10-311] analyzing module ph
INFO: [VRFC 10-2263] Analyzing Verilog file "E:/166 Lab/2_2/pl.v" into library xil_defaultlib
INFO: [VRFC 10-311] analyzing module pl
INFO: [VRFC 10-2263] Analyzing Verilog file "E:/166 Lab/2_2/top.v" into library xil_defaultlib
INFO: [VRFC 10-311] analyzing module top
INFO: [VRFC 10-2263] Analyzing Verilog file "E:/166 Lab/2_2/top_tb.v" into library xil_defaultlib
INFO: [VRFC 10-311] analyzing module top_tb
INFO: [USF-XSim-69] 'compile' step finished in '2' seconds
INFO: [USF-XSim-3] XSim::Elaborate design
INFO: [USF-XSim-61] Executing 'ELABORATE' step in 'E:/166 Lab/2_2/Lab2_2/Lab2_2.sim/sim_1/behav/xsim'
Vivado Simulator 2017.4
Copyright 1986-1999, 2001-2016 Xilinx, Inc. All Rights Reserved.
Running: C:/Xilinx/Vivado/2017.4/bin/unwrapped/win64.o/xelab.exe -wto 41d621a2a11a44cab3370cfff6b0870d --incr --debug typical --relax --mt 2 -L xil_defaultlib -L unisims_ver -L unimacro_ver -L secureip --snapshot top_tb_behav xil_defaultlib.top_tb xil_defaultlib.glbl -log elaborate.log 
Using 2 slave threads.
Starting static elaboration
WARNING: [VRFC 10-278] actual bit length 32 differs from formal bit length 1 for port load [E:/166 Lab/2_2/multiplier.v:15]
Completed static elaboration
Starting simulation data flow analysis
WARNING: [XSIM 43-4100] "E:/166 Lab/2_2/Lab2_2/Lab2_2.sim/sim_1/behav/xsim/glbl.v" Line 6. Module glbl has a timescale but at least one module in design doesn't have timescale.
Completed simulation data flow analysis
Time Resolution for simulation is 1ps
Compiling module xil_defaultlib.myfsm
Compiling module xil_defaultlib.ph
Compiling module xil_defaultlib.pl
Compiling module xil_defaultlib.dffa
Compiling module xil_defaultlib.dffb
Compiling module xil_defaultlib.dffcarry
Compiling module xil_defaultlib.MUX2_1
Compiling module xil_defaultlib.adder
Compiling module xil_defaultlib.multiplier
Compiling module xil_defaultlib.top
Compiling module xil_defaultlib.top_tb
Compiling module xil_defaultlib.glbl
Built simulation snapshot top_tb_behav
run_program: Time (s): cpu = 00:00:00 ; elapsed = 00:00:07 . Memory (MB): peak = 846.297 ; gain = 0.000
INFO: [USF-XSim-69] 'elaborate' step finished in '7' seconds
INFO: [USF-XSim-4] XSim::Simulate design
INFO: [USF-XSim-61] Executing 'SIMULATE' step in 'E:/166 Lab/2_2/Lab2_2/Lab2_2.sim/sim_1/behav/xsim'
INFO: [USF-XSim-98] *** Running xsim
   with args "top_tb_behav -key {Behavioral:sim_1:Functional:top_tb} -tclbatch {top_tb.tcl} -log {simulate.log}"
INFO: [USF-XSim-8] Loading simulator feature
Vivado Simulator 2017.4
Time resolution is 1 ps
source top_tb.tcl
# set curr_wave [current_wave_config]
# if { [string length $curr_wave] == 0 } {
#   if { [llength [get_objects]] > 0} {
#     add_wave /
#     set_property needs_save false [current_wave_config]
#   } else {
#      send_msg_id Add_Wave-1 WARNING "No top level signals found. Simulator will start without a wave window. If you want to open a wave window go to 'File->New Waveform Configuration' or type 'create_wave_config' in the TCL console."
#   }
# }
# run 2000ns
INFO: [USF-XSim-96] XSim completed. Design snapshot 'top_tb_behav' loaded.
INFO: [USF-XSim-97] XSim simulation ran for 2000ns
launch_simulation: Time (s): cpu = 00:00:01 ; elapsed = 00:00:12 . Memory (MB): peak = 846.297 ; gain = 0.000
close_sim
INFO: [Simtcl 6-16] Simulation closed
exit
INFO: [Common 17-206] Exiting Vivado at Mon Feb 26 12:54:32 2018...
