Unable to capture context for thread 13540 in process 18288, can not generate back trace
Unable to capture context for thread 3952 in process 18288, can not generate back trace
Unable to capture context for thread 880 in process 18288, can not generate back trace
Exception at PC 0x00007FF82858BB93
Printing stacktrace...

[0]  [0x00007FF82858BB93]
[1]  [0x00007FF82858BB93]
[2]  [0x00007FF82858B4A1]
[3]  [0x00007FF82858B3EF]
[4]  [0x00007FF8285719FE]
[5]  [0x00007FF828570ED1]
[6]  [0x00007FF828570D76]
[7]  [0x00007FF8285179F6]
[8]  [0x00007FF828507AFB]
[9]  [0x00007FF82862E90A]
[10]  [0x00007FF828649F87]
[11]  [0x00007FF82864A05F]
[12] (BaseThreadInitThunk+0x14) [0x00007FF853F02774]
[13] (RtlUserThreadStart+0x21) [0x00007FF854C60D51]
Done
Exception at PC 0x00007FF828291A52
Attemped to write at address 0x00007FF823C3ABA4
Printing stacktrace...

[0]  [0x00007FF828291A52]
[1]  [0x00007FF828291A52]
[2]  [0x00007FF828291AD4]
[3]  [0x00007FF8283D3FF7]
[4]  [0x00007FF8282B9128]
[5]  [0x00007FF82856DFB9]
[6]  [0x00007FF82873EF23]
[7]  [0x00007FF82864B06B]
[8]  [0x00007FF8286408AF]
[9]  [0x00007FF828640A32]
[10] (RtlDeactivateActivationContextUnsafeFast+0x1af) [0x00007FF854C1485F]
[11] (LdrShutdownProcess+0x12c) [0x00007FF854C3D43C]
[12] (RtlExitUserProcess+0xb4) [0x00007FF854C3D2F4]
[13] (FatalExit+0xa) [0x00007FF853F0C0DA]
[14] (exit+0x75) [0x00007FF85435A045]
[15] (initterm_e+0x21d) [0x00007FF85435A68D]
[16]  [0x00000000004014CD]
[17]  [0x000000000040151B]
[18] (BaseThreadInitThunk+0x14) [0x00007FF853F02774]
[19] (RtlUserThreadStart+0x21) [0x00007FF854C60D51]
Done
