Vivado Simulator 2017.4
Copyright 1986-1999, 2001-2016 Xilinx, Inc. All Rights Reserved.
Running: C:/Xilinx/Vivado/2017.4/bin/unwrapped/win64.o/xelab.exe -wto 41d621a2a11a44cab3370cfff6b0870d --incr --debug typical --relax --mt 2 -L xil_defaultlib -L unisims_ver -L unimacro_ver -L secureip --snapshot top_tb_behav xil_defaultlib.top_tb xil_defaultlib.glbl -log elaborate.log 
Using 2 slave threads.
Starting static elaboration
WARNING: [VRFC 10-278] actual bit length 32 differs from formal bit length 1 for port load [E:/166 Lab/2_2/multiplier.v:15]
Completed static elaboration
Starting simulation data flow analysis
WARNING: [XSIM 43-4100] "E:/166 Lab/2_2/Lab2_2/Lab2_2.sim/sim_1/behav/xsim/glbl.v" Line 6. Module glbl has a timescale but at least one module in design doesn't have timescale.
Completed simulation data flow analysis
Time Resolution for simulation is 1ps
Compiling module xil_defaultlib.myfsm
Compiling module xil_defaultlib.ph
Compiling module xil_defaultlib.pl
Compiling module xil_defaultlib.dffa
Compiling module xil_defaultlib.dffb
Compiling module xil_defaultlib.dffcarry
Compiling module xil_defaultlib.MUX2_1
Compiling module xil_defaultlib.adder
Compiling module xil_defaultlib.multiplier
Compiling module xil_defaultlib.top
Compiling module xil_defaultlib.top_tb
Compiling module xil_defaultlib.glbl
Built simulation snapshot top_tb_behav
