Unable to capture context for thread 8596 in process 3016, can not generate back trace
Exception at PC 0x00007FFE38AEBB93
Printing stacktrace...

[0]  [0x00007FFE38AEBB93]
[1]  [0x00007FFE38AEBB93]
[2]  [0x00007FFE38AEB4A1]
[3]  [0x00007FFE38AEB3EF]
[4]  [0x00007FFE38AD19FE]
[5]  [0x00007FFE38AD0ED1]
[6]  [0x00007FFE38AD0D76]
[7]  [0x00007FFE38A779F6]
[8]  [0x00007FFE38A67AFB]
[9]  [0x00007FFE38B8E90A]
[10]  [0x00007FFE38BA9F87]
[11]  [0x00007FFE38BAA05F]
[12] (BaseThreadInitThunk+0x14) [0x00007FFE9A4E2774]
[13] (RtlUserThreadStart+0x21) [0x00007FFE9BEF0D51]
Done
Exception at PC 0x00007FFE387F1A52
Attemped to write at address 0x00007FFE7896ABA4
Printing stacktrace...

[0]  [0x00007FFE387F1A52]
[1]  [0x00007FFE387F1A52]
[2]  [0x00007FFE387F1AD4]
[3]  [0x00007FFE38933FF7]
[4]  [0x00007FFE38819128]
[5]  [0x00007FFE38ACDFB9]
[6]  [0x00007FFE38C9EF23]
[7]  [0x00007FFE38BAB06B]
[8]  [0x00007FFE38BA08AF]
[9]  [0x00007FFE38BA0A32]
[10] (RtlDeactivateActivationContextUnsafeFast+0x1af) [0x00007FFE9BEA485F]
[11] (LdrShutdownProcess+0x12c) [0x00007FFE9BECD43C]
[12] (RtlExitUserProcess+0xb4) [0x00007FFE9BECD2F4]
[13] (FatalExit+0xa) [0x00007FFE9A4EC0DA]
[14] (exit+0x75) [0x00007FFE99D5A045]
[15] (initterm_e+0x21d) [0x00007FFE99D5A68D]
[16]  [0x00000000004014CD]
[17]  [0x000000000040151B]
[18] (BaseThreadInitThunk+0x14) [0x00007FFE9A4E2774]
[19] (RtlUserThreadStart+0x21) [0x00007FFE9BEF0D51]
Done
