Exception at PC 0x00007FFF8F654008
Exception at PC 0x00007FFF8F654008
Exception at PC 0x00007FFF8F654008
Exception at PC 0x00007FFF8F654008
Exception at PC 0x00007FFF1423E132
Attemped to write at address 0x00007FFF6E3F4AA4
Printing stacktrace...

[0]  [0x00007FFF1423E132]
[1]  [0x00007FFF1423E132]
[2]  [0x00007FFF1423E194]
[3]  [0x00007FFF13E8D0D7]
[4]  [0x00007FFF13D72BCA]
[5]  [0x00007FFF13D72FD1]
[6]  [0x00007FFF1423EB2F]
[7]  [0x00007FFF140FC19D]
[8]  [0x00007FFF140F5942]
[9]  [0x00007FFF140F5AB5]
[10] (RtlDeactivateActivationContextUnsafeFast+0x1b3) [0x00007FFF92CE1493]
[11] (LdrShutdownProcess+0x125) [0x00007FFF92D106B5]
[12] (RtlExitUserProcess+0xb4) [0x00007FFF92D10574]
[13] (ExitProcess+0xa) [0x00007FFF92B7F06A]
[14] (exit+0x75) [0x00007FFF92B09B25]
[15] (initterm_e+0x21d) [0x00007FFF92B0A16D]
[16]  [0x00000000004014CD]
[17]  [0x000000000040151B]
[18] (BaseThreadInitThunk+0x14) [0x00007FFF92B81FE4]
[19] (RtlUserThreadStart+0x21) [0x00007FFF92D3EFC1]
Done
