#-----------------------------------------------------------
# Vivado v2017.2 (64-bit)
# SW Build 1909853 on Thu Jun 15 18:39:09 MDT 2017
# IP Build 1909766 on Thu Jun 15 19:58:00 MDT 2017
# Start of session at: Wed Mar 14 13:49:58 2018
# Process ID: 5056
# Current directory: E:/166 Lab/3_1/lab3_1
# Command line: vivado.exe -gui_launcher_event rodinguilauncherevent5188 E:\166 Lab\3_1\lab3_1\lab3_1.xpr
# Log file: E:/166 Lab/3_1/lab3_1/vivado.log
# Journal file: E:/166 Lab/3_1/lab3_1\vivado.jou
#-----------------------------------------------------------
start_gui
open_project {E:/166 Lab/3_1/lab3_1/lab3_1.xpr}
Scanning sources...
Finished scanning sources
INFO: [IP_Flow 19-234] Refreshing IP repositories
INFO: [IP_Flow 19-1704] No user IP repositories specified
INFO: [IP_Flow 19-2313] Loaded Vivado IP repository 'C:/Xilinx/Vivado/2017.2/data/ip'.
open_project: Time (s): cpu = 00:00:16 ; elapsed = 00:00:20 . Memory (MB): peak = 786.172 ; gain = 79.988
update_compile_order -fileset sources_1
add_files -fileset constrs_1 -norecurse {{E:/166 Lab/3_1/Nexys4DDR_Master.xdc}}
reset_run synth_1
launch_runs synth_1 -jobs 2
[Wed Mar 14 13:52:57 2018] Launched synth_1...
Run output will be captured here: E:/166 Lab/3_1/lab3_1/lab3_1.runs/synth_1/runme.log
launch_runs impl_1 -jobs 2
[Wed Mar 14 13:56:28 2018] Launched impl_1...
Run output will be captured here: E:/166 Lab/3_1/lab3_1/lab3_1.runs/impl_1/runme.log
launch_runs impl_1 -to_step write_bitstream -jobs 2
[Wed Mar 14 13:58:32 2018] Launched impl_1...
Run output will be captured here: E:/166 Lab/3_1/lab3_1/lab3_1.runs/impl_1/runme.log
open_hw
