Unable to capture context for thread 736 in process 7436, can not generate back trace
Unable to capture context for thread 2332 in process 7436, can not generate back trace
Unable to capture context for thread 8716 in process 7436, can not generate back trace
Exception at PC 0x00007FF87CCFBB93
Printing stacktrace...

[0]  [0x00007FF87CCFBB93]
[1]  [0x00007FF87CCFBB93]
[2]  [0x00007FF87CCFB4A1]
[3]  [0x00007FF87CCFB3EF]
[4]  [0x00007FF87CCE19FE]
[5]  [0x00007FF87CCE0ED1]
[6]  [0x00007FF87CCE0D76]
[7]  [0x00007FF87CC879F6]
[8]  [0x00007FF87CC77AFB]
[9]  [0x00007FF87CD9E90A]
[10]  [0x00007FF87CDB9F87]
[11]  [0x00007FF87CDBA05F]
[12] (BaseThreadInitThunk+0x14) [0x00007FF8A35E2774]
[13] (RtlUserThreadStart+0x21) [0x00007FF8A5660D51]
Done
Exception at PC 0x00007FF87CA01A52
Attemped to write at address 0x00007FF87382ABA4
Printing stacktrace...

[0]  [0x00007FF87CA01A52]
[1]  [0x00007FF87CA01A52]
[2]  [0x00007FF87CA01AD4]
[3]  [0x00007FF87CB43FF7]
[4]  [0x00007FF87CA29128]
[5]  [0x00007FF87CCDDFB9]
[6]  [0x00007FF87CEAEF23]
[7]  [0x00007FF87CDBB06B]
[8]  [0x00007FF87CDB08AF]
[9]  [0x00007FF87CDB0A32]
[10] (RtlDeactivateActivationContextUnsafeFast+0x1af) [0x00007FF8A561485F]
[11] (LdrShutdownProcess+0x12c) [0x00007FF8A563D43C]
[12] (RtlExitUserProcess+0xb4) [0x00007FF8A563D2F4]
[13] (FatalExit+0xa) [0x00007FF8A35EC0DA]
[14] (exit+0x75) [0x00007FF8A3E9A045]
[15] (initterm_e+0x21d) [0x00007FF8A3E9A68D]
[16]  [0x00000000004014CD]
[17]  [0x000000000040151B]
[18] (BaseThreadInitThunk+0x14) [0x00007FF8A35E2774]
[19] (RtlUserThreadStart+0x21) [0x00007FF8A5660D51]
Done
